<?xml version="1.0" encoding="UTF-8"?>
<coverage generated="1682434202813" clover="3.2.0">
  <project timestamp="1682434202813" name="All files">
    <metrics statements="126" coveredstatements="126" conditionals="60" coveredconditionals="39" methods="36" coveredmethods="36" elements="222" coveredelements="201" complexity="0" loc="126" ncloc="126" packages="9" files="19" classes="19"/>
    <package name="components.Explore">
      <metrics statements="16" coveredstatements="16" conditionals="6" coveredconditionals="3" methods="6" coveredmethods="6"/>
      <file name="index.tsx" path="/Users/hugoferreira/dev/work/docs/src/___new___/components/Explore/index.tsx">
        <metrics statements="8" coveredstatements="8" conditionals="0" coveredconditionals="0" methods="3" coveredmethods="3"/>
        <line num="4" count="1" type="stmt"/>
        <line num="5" count="1" type="stmt"/>
        <line num="6" count="1" type="stmt"/>
        <line num="8" count="1" type="stmt"/>
        <line num="23" count="1" type="stmt"/>
        <line num="39" count="3" type="stmt"/>
        <line num="46" count="3" type="stmt"/>
        <line num="61" count="1" type="stmt"/>
      </file>
      <file name="styles.ts" path="/Users/hugoferreira/dev/work/docs/src/___new___/components/Explore/styles.ts">
        <metrics statements="8" coveredstatements="8" conditionals="6" coveredconditionals="3" methods="3" coveredmethods="3"/>
        <line num="1" count="1" type="stmt"/>
        <line num="3" count="1" type="stmt"/>
        <line num="11" count="1" type="stmt"/>
        <line num="19" count="1" type="stmt"/>
        <line num="25" count="3" type="stmt"/>
        <line num="35" count="3" type="stmt"/>
        <line num="46" count="3" type="stmt"/>
        <line num="59" count="1" type="stmt"/>
      </file>
    </package>
    <package name="components.FeatureTableComparison">
      <metrics statements="22" coveredstatements="22" conditionals="10" coveredconditionals="8" methods="5" coveredmethods="5"/>
      <file name="index.tsx" path="/Users/hugoferreira/dev/work/docs/src/___new___/components/FeatureTableComparison/index.tsx">
        <metrics statements="10" coveredstatements="10" conditionals="6" coveredconditionals="6" methods="3" coveredmethods="3"/>
        <line num="2" count="1" type="stmt"/>
        <line num="15" count="1" type="stmt"/>
        <line num="17" count="1" type="stmt"/>
        <line num="18" count="1" type="stmt"/>
        <line num="20" count="1" type="stmt"/>
        <line num="35" count="1" type="stmt"/>
        <line num="37" count="2" type="stmt"/>
        <line num="50" count="11" type="stmt"/>
        <line num="74" count="47" type="stmt"/>
        <line num="91" count="1" type="stmt"/>
      </file>
      <file name="styles.ts" path="/Users/hugoferreira/dev/work/docs/src/___new___/components/FeatureTableComparison/styles.ts">
        <metrics statements="12" coveredstatements="12" conditionals="4" coveredconditionals="2" methods="2" coveredmethods="2"/>
        <line num="1" count="1" type="stmt"/>
        <line num="3" count="1" type="stmt"/>
        <line num="12" count="33" type="stmt"/>
        <line num="17" count="1" type="stmt"/>
        <line num="25" count="1" type="stmt"/>
        <line num="28" count="1" type="stmt"/>
        <line num="34" count="1" type="stmt"/>
        <line num="40" count="1" type="stmt"/>
        <line num="48" count="1" type="stmt"/>
        <line num="59" count="1" type="stmt"/>
        <line num="65" count="1" type="stmt"/>
        <line num="69" count="1" type="stmt"/>
      </file>
    </package>
    <package name="components.HomepageHeader">
      <metrics statements="18" coveredstatements="18" conditionals="0" coveredconditionals="0" methods="1" coveredmethods="1"/>
      <file name="index.tsx" path="/Users/hugoferreira/dev/work/docs/src/___new___/components/HomepageHeader/index.tsx">
        <metrics statements="6" coveredstatements="6" conditionals="0" coveredconditionals="0" methods="1" coveredmethods="1"/>
        <line num="2" count="1" type="stmt"/>
        <line num="4" count="1" type="stmt"/>
        <line num="12" count="1" type="stmt"/>
        <line num="20" count="1" type="stmt"/>
        <line num="21" count="1" type="stmt"/>
        <line num="45" count="1" type="stmt"/>
      </file>
      <file name="styles.ts" path="/Users/hugoferreira/dev/work/docs/src/___new___/components/HomepageHeader/styles.ts">
        <metrics statements="12" coveredstatements="12" conditionals="0" coveredconditionals="0" methods="0" coveredmethods="0"/>
        <line num="1" count="1" type="stmt"/>
        <line num="10" count="1" type="stmt"/>
        <line num="16" count="1" type="stmt"/>
        <line num="23" count="1" type="stmt"/>
        <line num="33" count="1" type="stmt"/>
        <line num="66" count="1" type="stmt"/>
        <line num="75" count="1" type="stmt"/>
        <line num="83" count="1" type="stmt"/>
        <line num="93" count="1" type="stmt"/>
        <line num="98" count="1" type="stmt"/>
        <line num="106" count="1" type="stmt"/>
        <line num="115" count="1" type="stmt"/>
      </file>
    </package>
    <package name="components.LearnMoreButton">
      <metrics statements="6" coveredstatements="6" conditionals="6" coveredconditionals="3" methods="2" coveredmethods="2"/>
      <file name="index.tsx" path="/Users/hugoferreira/dev/work/docs/src/___new___/components/LearnMoreButton/index.tsx">
        <metrics statements="5" coveredstatements="5" conditionals="2" coveredconditionals="1" methods="1" coveredmethods="1"/>
        <line num="2" count="1" type="stmt"/>
        <line num="3" count="1" type="stmt"/>
        <line num="12" count="3" type="cond" truecount="1" falsecount="1"/>
        <line num="13" count="3" type="stmt"/>
        <line num="30" count="1" type="stmt"/>
      </file>
      <file name="styles.ts" path="/Users/hugoferreira/dev/work/docs/src/___new___/components/LearnMoreButton/styles.ts">
        <metrics statements="1" coveredstatements="1" conditionals="4" coveredconditionals="2" methods="1" coveredmethods="1"/>
        <line num="1" count="3" type="stmt"/>
      </file>
    </package>
    <package name="components.ProductComparison">
      <metrics statements="20" coveredstatements="20" conditionals="16" coveredconditionals="11" methods="7" coveredmethods="7"/>
      <file name="index.tsx" path="/Users/hugoferreira/dev/work/docs/src/___new___/components/ProductComparison/index.tsx">
        <metrics statements="10" coveredstatements="10" conditionals="10" coveredconditionals="8" methods="5" coveredmethods="5"/>
        <line num="2" count="1" type="stmt"/>
        <line num="15" count="1" type="stmt"/>
        <line num="16" count="1" type="stmt"/>
        <line num="18" count="1" type="stmt"/>
        <line num="32" count="1" type="stmt"/>
        <line num="51" count="3" type="stmt"/>
        <line num="64" count="3" type="stmt"/>
        <line num="71" count="11" type="stmt"/>
        <line num="75" count="1" type="cond" truecount="4" falsecount="0"/>
        <line num="88" count="1" type="stmt"/>
      </file>
      <file name="styles.ts" path="/Users/hugoferreira/dev/work/docs/src/___new___/components/ProductComparison/styles.ts">
        <metrics statements="10" coveredstatements="10" conditionals="6" coveredconditionals="3" methods="2" coveredmethods="2"/>
        <line num="1" count="1" type="stmt"/>
        <line num="3" count="1" type="stmt"/>
        <line num="11" count="1" type="stmt"/>
        <line num="18" count="1" type="stmt"/>
        <line num="24" count="1" type="stmt"/>
        <line num="32" count="1" type="stmt"/>
        <line num="43" count="1" type="stmt"/>
        <line num="49" count="1" type="stmt"/>
        <line num="54" count="1" type="stmt"/>
        <line num="60" count="1" type="stmt"/>
      </file>
    </package>
    <package name="components.ProductInfo">
      <metrics statements="18" coveredstatements="18" conditionals="10" coveredconditionals="8" methods="8" coveredmethods="8"/>
      <file name="index.tsx" path="/Users/hugoferreira/dev/work/docs/src/___new___/components/ProductInfo/index.tsx">
        <metrics statements="11" coveredstatements="11" conditionals="0" coveredconditionals="0" methods="3" coveredmethods="3"/>
        <line num="2" count="1" type="stmt"/>
        <line num="3" count="1" type="stmt"/>
        <line num="4" count="1" type="stmt"/>
        <line num="12" count="1" type="stmt"/>
        <line num="13" count="1" type="stmt"/>
        <line num="20" count="1" type="stmt"/>
        <line num="21" count="1" type="stmt"/>
        <line num="34" count="3" type="stmt"/>
        <line num="36" count="3" type="stmt"/>
        <line num="57" count="6" type="stmt"/>
        <line num="83" count="1" type="stmt"/>
      </file>
      <file name="styles.ts" path="/Users/hugoferreira/dev/work/docs/src/___new___/components/ProductInfo/styles.ts">
        <metrics statements="7" coveredstatements="7" conditionals="10" coveredconditionals="8" methods="5" coveredmethods="5"/>
        <line num="1" count="1" type="stmt"/>
        <line num="10" count="3" type="stmt"/>
        <line num="17" count="1" type="stmt"/>
        <line num="22" count="3" type="stmt"/>
        <line num="32" count="3" type="stmt"/>
        <line num="38" count="3" type="stmt"/>
        <line num="44" count="1" type="stmt"/>
      </file>
    </package>
    <package name="components.SelectDocs">
      <metrics statements="17" coveredstatements="17" conditionals="2" coveredconditionals="1" methods="3" coveredmethods="3"/>
      <file name="index.tsx" path="/Users/hugoferreira/dev/work/docs/src/___new___/components/SelectDocs/index.tsx">
        <metrics statements="7" coveredstatements="7" conditionals="0" coveredconditionals="0" methods="2" coveredmethods="2"/>
        <line num="2" count="1" type="stmt"/>
        <line num="3" count="1" type="stmt"/>
        <line num="4" count="1" type="stmt"/>
        <line num="6" count="1" type="stmt"/>
        <line num="21" count="1" type="stmt"/>
        <line num="37" count="3" type="stmt"/>
        <line num="59" count="1" type="stmt"/>
      </file>
      <file name="styles.ts" path="/Users/hugoferreira/dev/work/docs/src/___new___/components/SelectDocs/styles.ts">
        <metrics statements="10" coveredstatements="10" conditionals="2" coveredconditionals="1" methods="1" coveredmethods="1"/>
        <line num="1" count="1" type="stmt"/>
        <line num="3" count="1" type="stmt"/>
        <line num="11" count="1" type="stmt"/>
        <line num="19" count="1" type="stmt"/>
        <line num="25" count="1" type="stmt"/>
        <line num="33" count="1" type="stmt"/>
        <line num="44" count="1" type="stmt"/>
        <line num="50" count="1" type="stmt"/>
        <line num="55" count="1" type="stmt"/>
        <line num="68" count="1" type="stmt"/>
      </file>
    </package>
    <package name="components.styles">
      <metrics statements="5" coveredstatements="5" conditionals="10" coveredconditionals="5" methods="4" coveredmethods="4"/>
      <file name="index.ts" path="/Users/hugoferreira/dev/work/docs/src/___new___/components/styles/index.ts">
        <metrics statements="5" coveredstatements="5" conditionals="10" coveredconditionals="5" methods="4" coveredmethods="4"/>
        <line num="5" count="6" type="stmt"/>
        <line num="13" count="19" type="stmt"/>
        <line num="21" count="6" type="stmt"/>
        <line num="29" count="6" type="stmt"/>
        <line num="35" count="11" type="stmt"/>
      </file>
    </package>
    <package name="data">
      <metrics statements="4" coveredstatements="4" conditionals="0" coveredconditionals="0" methods="0" coveredmethods="0"/>
      <file name="compareInfo.ts" path="/Users/hugoferreira/dev/work/docs/src/___new___/data/compareInfo.ts">
        <metrics statements="1" coveredstatements="1" conditionals="0" coveredconditionals="0" methods="0" coveredmethods="0"/>
        <line num="3" count="2" type="stmt"/>
      </file>
      <file name="exploreInfo.ts" path="/Users/hugoferreira/dev/work/docs/src/___new___/data/exploreInfo.ts">
        <metrics statements="1" coveredstatements="1" conditionals="0" coveredconditionals="0" methods="0" coveredmethods="0"/>
        <line num="3" count="1" type="stmt"/>
      </file>
      <file name="featureTableComparisonInfo.ts" path="/Users/hugoferreira/dev/work/docs/src/___new___/data/featureTableComparisonInfo.ts">
        <metrics statements="1" coveredstatements="1" conditionals="0" coveredconditionals="0" methods="0" coveredmethods="0"/>
        <line num="3" count="1" type="stmt"/>
      </file>
      <file name="selectDocsInfo.ts" path="/Users/hugoferreira/dev/work/docs/src/___new___/data/selectDocsInfo.ts">
        <metrics statements="1" coveredstatements="1" conditionals="0" coveredconditionals="0" methods="0" coveredmethods="0"/>
        <line num="3" count="1" type="stmt"/>
      </file>
    </package>
  </project>
</coverage>
