{"/Users/hugoferreira/dev/work/docs/src/___new___/components/Explore/index.tsx": {"path":"/Users/hugoferreira/dev/work/docs/src/___new___/components/Explore/index.tsx","statementMap":{"0":{"start":{"line":2,"column":0},"end":{"line":2,"column":86}},"1":{"start":{"line":3,"column":0},"end":{"line":3,"column":43}},"2":{"start":{"line":4,"column":0},"end":{"line":4,"column":52}},"3":{"start":{"line":6,"column":0},"end":{"line":6,"column":null}},"4":{"start":{"line":20,"column":46},"end":{"line":62,"column":2}},"5":{"start":{"line":20,"column":56},"end":{"line":20,"column":63}},"6":{"start":{"line":20,"column":63},"end":{"line":62,"column":2}},"7":{"start":{"line":36,"column":58},"end":{"line":59,"column":8}},"8":{"start":{"line":49,"column":51},"end":{"line":56,"column":14}},"9":{"start":{"line":64,"column":0},"end":{"line":64,"column":26}}},"fnMap":{"0":{"name":"(anonymous_4)","decl":{"start":{"line":20,"column":46},"end":{"line":20,"column":47}},"loc":{"start":{"line":20,"column":58},"end":{"line":62,"column":2}}},"1":{"name":"(anonymous_5)","decl":{"start":{"line":36,"column":41},"end":{"line":36,"column":42}},"loc":{"start":{"line":36,"column":53},"end":{"line":36,"column":null}}},"2":{"name":"(anonymous_6)","decl":{"start":{"line":49,"column":34},"end":{"line":49,"column":35}},"loc":{"start":{"line":49,"column":46},"end":{"line":49,"column":null}}}},"branchMap":{},"s":{"0":1,"1":1,"2":1,"3":1,"4":1,"5":1,"6":1,"7":3,"8":3,"9":1},"f":{"0":1,"1":3,"2":3},"b":{}}
,"/Users/hugoferreira/dev/work/docs/src/___new___/components/Explore/styles.ts": {"path":"/Users/hugoferreira/dev/work/docs/src/___new___/components/Explore/styles.ts","statementMap":{"0":{"start":{"line":1,"column":0},"end":{"line":1,"column":18}},"1":{"start":{"line":3,"column":13},"end":{"line":9,"column":2}},"2":{"start":{"line":11,"column":13},"end":{"line":17,"column":2}},"3":{"start":{"line":19,"column":13},"end":{"line":23,"column":2}},"4":{"start":{"line":25,"column":13},"end":{"line":31,"column":2}},"5":{"start":{"line":33,"column":13},"end":{"line":42,"column":2}},"6":{"start":{"line":44,"column":13},"end":{"line":48,"column":2}},"7":{"start":{"line":50,"column":13},"end":{"line":53,"column":2}},"8":{"start":{"line":55,"column":13},"end":{"line":66,"column":2}},"9":{"start":{"line":68,"column":13},"end":{"line":71,"column":2}}},"fnMap":{},"branchMap":{},"s":{"0":1,"1":1,"2":1,"3":1,"4":1,"5":1,"6":1,"7":1,"8":1,"9":1},"f":{},"b":{}}
,"/Users/hugoferreira/dev/work/docs/src/___new___/components/FeatureTableComparison/index.tsx": {"path":"/Users/hugoferreira/dev/work/docs/src/___new___/components/FeatureTableComparison/index.tsx","statementMap":{"0":{"start":{"line":2,"column":0},"end":{"line":2,"column":null}},"1":{"start":{"line":15,"column":0},"end":{"line":15,"column":45}},"2":{"start":{"line":17,"column":0},"end":{"line":17,"column":43}},"3":{"start":{"line":18,"column":0},"end":{"line":18,"column":79}},"4":{"start":{"line":20,"column":0},"end":{"line":20,"column":118}},"5":{"start":{"line":26,"column":13},"end":{"line":26,"column":77}},"6":{"start":{"line":28,"column":60},"end":{"line":78,"column":2}},"7":{"start":{"line":28,"column":70},"end":{"line":28,"column":77}},"8":{"start":{"line":28,"column":77},"end":{"line":78,"column":2}},"9":{"start":{"line":41,"column":63},"end":{"line":75,"column":8}},"10":{"start":{"line":63,"column":57},"end":{"line":70,"column":18}},"11":{"start":{"line":80,"column":0},"end":{"line":80,"column":33}}},"fnMap":{"0":{"name":"(anonymous_4)","decl":{"start":{"line":28,"column":60},"end":{"line":28,"column":61}},"loc":{"start":{"line":28,"column":72},"end":{"line":78,"column":2}}},"1":{"name":"(anonymous_5)","decl":{"start":{"line":41,"column":46},"end":{"line":41,"column":47}},"loc":{"start":{"line":41,"column":58},"end":{"line":41,"column":null}}},"2":{"name":"(anonymous_6)","decl":{"start":{"line":63,"column":34},"end":{"line":63,"column":35}},"loc":{"start":{"line":63,"column":52},"end":{"line":63,"column":null}}}},"branchMap":{"0":{"loc":{"start":{"line":66,"column":41},"end":{"line":66,"column":107}},"type":"cond-expr","locations":[{"start":{"line":66,"column":73},"end":{"line":66,"column":102}},{"start":{"line":66,"column":105},"end":{"line":66,"column":107}}]},"1":{"loc":{"start":{"line":67,"column":41},"end":{"line":67,"column":107}},"type":"cond-expr","locations":[{"start":{"line":67,"column":73},"end":{"line":67,"column":102}},{"start":{"line":67,"column":105},"end":{"line":67,"column":107}}]},"2":{"loc":{"start":{"line":68,"column":41},"end":{"line":68,"column":102}},"type":"cond-expr","locations":[{"start":{"line":68,"column":68},"end":{"line":68,"column":97}},{"start":{"line":68,"column":100},"end":{"line":68,"column":102}}]}},"s":{"0":1,"1":1,"2":1,"3":1,"4":1,"5":1,"6":1,"7":2,"8":2,"9":22,"10":96,"11":1},"f":{"0":2,"1":22,"2":96},"b":{"0":[42,54],"1":[86,10],"2":[92,4]}}
,"/Users/hugoferreira/dev/work/docs/src/___new___/components/FeatureTableComparison/styles.ts": {"path":"/Users/hugoferreira/dev/work/docs/src/___new___/components/FeatureTableComparison/styles.ts","statementMap":{"0":{"start":{"line":1,"column":0},"end":{"line":1,"column":18}},"1":{"start":{"line":3,"column":34},"end":{"line":3,"column":59}},"2":{"start":{"line":3,"column":58},"end":{"line":9,"column":3}},"3":{"start":{"line":3,"column":13},"end":{"line":3,"column":34}},"4":{"start":{"line":11,"column":13},"end":{"line":18,"column":2}},"5":{"start":{"line":20,"column":13},"end":{"line":22,"column":2}},"6":{"start":{"line":23,"column":13},"end":{"line":27,"column":2}},"7":{"start":{"line":29,"column":13},"end":{"line":33,"column":2}},"8":{"start":{"line":35,"column":13},"end":{"line":41,"column":2}},"9":{"start":{"line":43,"column":13},"end":{"line":52,"column":2}},"10":{"start":{"line":54,"column":13},"end":{"line":58,"column":2}},"11":{"start":{"line":60,"column":13},"end":{"line":63,"column":2}},"12":{"start":{"line":65,"column":13},"end":{"line":76,"column":2}},"13":{"start":{"line":78,"column":13},"end":{"line":81,"column":2}}},"fnMap":{"0":{"name":"(anonymous_0)","decl":{"start":{"line":3,"column":34},"end":{"line":3,"column":35}},"loc":{"start":{"line":3,"column":53},"end":{"line":3,"column":59}}}},"branchMap":{"0":{"loc":{"start":{"line":7,"column":6},"end":{"line":7,"column":95}},"type":"cond-expr","locations":[{"start":{"line":7,"column":18},"end":{"line":7,"column":76}},{"start":{"line":7,"column":79},"end":{"line":7,"column":95}}]}},"s":{"0":1,"1":1,"2":2,"3":1,"4":1,"5":1,"6":1,"7":1,"8":1,"9":1,"10":1,"11":1,"12":1,"13":1},"f":{"0":2},"b":{"0":[2,0]}}
,"/Users/hugoferreira/dev/work/docs/src/___new___/components/HomepageHeader/index.tsx": {"path":"/Users/hugoferreira/dev/work/docs/src/___new___/components/HomepageHeader/index.tsx","statementMap":{"0":{"start":{"line":2,"column":0},"end":{"line":2,"column":79}},"1":{"start":{"line":4,"column":0},"end":{"line":4,"column":null}},"2":{"start":{"line":12,"column":0},"end":{"line":12,"column":43}},"3":{"start":{"line":19,"column":50},"end":{"line":42,"column":1}},"4":{"start":{"line":19,"column":55},"end":{"line":19,"column":57}},"5":{"start":{"line":19,"column":67},"end":{"line":19,"column":72}},"6":{"start":{"line":19,"column":76},"end":{"line":19,"column":null}},"7":{"start":{"line":20,"column":2},"end":{"line":41,"column":4}},"8":{"start":{"line":44,"column":0},"end":{"line":44,"column":30}}},"fnMap":{"0":{"name":"(anonymous_3)","decl":{"start":{"line":19,"column":50},"end":{"line":19,"column":51}},"loc":{"start":{"line":19,"column":78},"end":{"line":42,"column":1}}}},"branchMap":{},"s":{"0":1,"1":1,"2":1,"3":1,"4":1,"5":1,"6":1,"7":1,"8":1},"f":{"0":1},"b":{}}
,"/Users/hugoferreira/dev/work/docs/src/___new___/components/HomepageHeader/styles.ts": {"path":"/Users/hugoferreira/dev/work/docs/src/___new___/components/HomepageHeader/styles.ts","statementMap":{"0":{"start":{"line":1,"column":13},"end":{"line":7,"column":2}},"1":{"start":{"line":9,"column":13},"end":{"line":13,"column":2}},"2":{"start":{"line":15,"column":13},"end":{"line":20,"column":2}},"3":{"start":{"line":22,"column":13},"end":{"line":30,"column":2}},"4":{"start":{"line":32,"column":13},"end":{"line":63,"column":2}},"5":{"start":{"line":65,"column":13},"end":{"line":72,"column":2}},"6":{"start":{"line":74,"column":13},"end":{"line":80,"column":2}},"7":{"start":{"line":82,"column":13},"end":{"line":90,"column":2}},"8":{"start":{"line":92,"column":13},"end":{"line":96,"column":2}},"9":{"start":{"line":97,"column":13},"end":{"line":103,"column":2}},"10":{"start":{"line":105,"column":13},"end":{"line":112,"column":2}},"11":{"start":{"line":114,"column":13},"end":{"line":116,"column":2}}},"fnMap":{},"branchMap":{},"s":{"0":1,"1":1,"2":1,"3":1,"4":1,"5":1,"6":1,"7":1,"8":1,"9":1,"10":1,"11":1},"f":{},"b":{}}
,"/Users/hugoferreira/dev/work/docs/src/___new___/components/LearnMoreButton/index.tsx": {"path":"/Users/hugoferreira/dev/work/docs/src/___new___/components/LearnMoreButton/index.tsx","statementMap":{"0":{"start":{"line":2,"column":0},"end":{"line":2,"column":67}},"1":{"start":{"line":3,"column":0},"end":{"line":3,"column":30}},"2":{"start":{"line":12,"column":56},"end":{"line":28,"column":1}},"3":{"start":{"line":12,"column":61},"end":{"line":12,"column":63}},"4":{"start":{"line":12,"column":72},"end":{"line":12,"column":74}},"5":{"start":{"line":12,"column":78},"end":{"line":12,"column":80}},"6":{"start":{"line":12,"column":80},"end":{"line":12,"column":89}},"7":{"start":{"line":12,"column":89},"end":{"line":12,"column":102}},"8":{"start":{"line":12,"column":106},"end":{"line":12,"column":null}},"9":{"start":{"line":13,"column":2},"end":{"line":27,"column":4}},"10":{"start":{"line":30,"column":0},"end":{"line":30,"column":31}}},"fnMap":{"0":{"name":"(anonymous_4)","decl":{"start":{"line":12,"column":56},"end":{"line":12,"column":57}},"loc":{"start":{"line":12,"column":108},"end":{"line":28,"column":1}}}},"branchMap":{"0":{"loc":{"start":{"line":12,"column":89},"end":{"line":12,"column":102}},"type":"cond-expr","locations":[{"start":{"line":12,"column":92},"end":{"line":12,"column":97}},{"start":{"line":12,"column":97},"end":{"line":12,"column":102}}]}},"s":{"0":1,"1":1,"2":1,"3":3,"4":3,"5":3,"6":3,"7":3,"8":3,"9":3,"10":1},"f":{"0":3},"b":{"0":[0,3]}}
,"/Users/hugoferreira/dev/work/docs/src/___new___/components/LearnMoreButton/styles.ts": {"path":"/Users/hugoferreira/dev/work/docs/src/___new___/components/LearnMoreButton/styles.ts","statementMap":{"0":{"start":{"line":1,"column":0},"end":{"line":21,"column":3}},"1":{"start":{"line":1,"column":39},"end":{"line":21,"column":3}}},"fnMap":{"0":{"name":"(anonymous_0)","decl":{"start":{"line":1,"column":15},"end":{"line":1,"column":16}},"loc":{"start":{"line":1,"column":34},"end":{"line":1,"column":40}}}},"branchMap":{"0":{"loc":{"start":{"line":8,"column":11},"end":{"line":8,"column":49}},"type":"cond-expr","locations":[{"start":{"line":8,"column":23},"end":{"line":8,"column":30}},{"start":{"line":8,"column":33},"end":{"line":8,"column":49}}]},"1":{"loc":{"start":{"line":11,"column":20},"end":{"line":11,"column":58}},"type":"cond-expr","locations":[{"start":{"line":11,"column":32},"end":{"line":11,"column":39}},{"start":{"line":11,"column":42},"end":{"line":11,"column":58}}]}},"s":{"0":1,"1":3},"f":{"0":3},"b":{"0":[0,3],"1":[0,3]}}
,"/Users/hugoferreira/dev/work/docs/src/___new___/components/ProductComparison/index.tsx": {"path":"/Users/hugoferreira/dev/work/docs/src/___new___/components/ProductComparison/index.tsx","statementMap":{"0":{"start":{"line":2,"column":0},"end":{"line":2,"column":null}},"1":{"start":{"line":17,"column":0},"end":{"line":17,"column":43}},"2":{"start":{"line":18,"column":0},"end":{"line":18,"column":49}},"3":{"start":{"line":20,"column":0},"end":{"line":20,"column":115}},"4":{"start":{"line":26,"column":60},"end":{"line":116,"column":2}},"5":{"start":{"line":26,"column":70},"end":{"line":26,"column":77}},"6":{"start":{"line":26,"column":77},"end":{"line":116,"column":2}},"7":{"start":{"line":49,"column":54},"end":{"line":110,"column":14}},"8":{"start":{"line":62,"column":59},"end":{"line":69,"column":22}},"9":{"start":{"line":74,"column":53},"end":{"line":81,"column":20}},"10":{"start":{"line":83,"column":55},"end":{"line":90,"column":20}},"11":{"start":{"line":118,"column":0},"end":{"line":118,"column":33}}},"fnMap":{"0":{"name":"(anonymous_4)","decl":{"start":{"line":26,"column":60},"end":{"line":26,"column":61}},"loc":{"start":{"line":26,"column":72},"end":{"line":116,"column":2}}},"1":{"name":"(anonymous_5)","decl":{"start":{"line":49,"column":37},"end":{"line":49,"column":38}},"loc":{"start":{"line":49,"column":49},"end":{"line":110,"column":14}}},"2":{"name":"(anonymous_6)","decl":{"start":{"line":62,"column":42},"end":{"line":62,"column":43}},"loc":{"start":{"line":62,"column":54},"end":{"line":62,"column":null}}},"3":{"name":"(anonymous_7)","decl":{"start":{"line":74,"column":36},"end":{"line":74,"column":37}},"loc":{"start":{"line":74,"column":48},"end":{"line":74,"column":null}}},"4":{"name":"(anonymous_8)","decl":{"start":{"line":83,"column":38},"end":{"line":83,"column":39}},"loc":{"start":{"line":83,"column":50},"end":{"line":83,"column":null}}}},"branchMap":{"0":{"loc":{"start":{"line":82,"column":22},"end":{"line":82,"column":35}},"type":"cond-expr","locations":[{"start":{"line":82,"column":26},"end":{"line":82,"column":28}},{"start":{"line":82,"column":22},"end":{"line":82,"column":35}}]},"1":{"loc":{"start":{"line":82,"column":22},"end":{"line":82,"column":28}},"type":"binary-expr","locations":[{"start":{"line":82,"column":22},"end":{"line":82,"column":28}},{"start":{"line":82,"column":22},"end":{"line":82,"column":28}}]},"2":{"loc":{"start":{"line":83,"column":19},"end":{"line":90,"column":20}},"type":"cond-expr","locations":[{"start":{"line":83,"column":32},"end":{"line":83,"column":34}},{"start":{"line":83,"column":32},"end":{"line":90,"column":20}}]},"3":{"loc":{"start":{"line":83,"column":19},"end":{"line":83,"column":34}},"type":"binary-expr","locations":[{"start":{"line":83,"column":19},"end":{"line":83,"column":34}},{"start":{"line":83,"column":32},"end":{"line":83,"column":34}}]}},"s":{"0":1,"1":1,"2":1,"3":1,"4":1,"5":1,"6":1,"7":3,"8":3,"9":11,"10":1,"11":1},"f":{"0":1,"1":3,"2":3,"3":11,"4":1},"b":{"0":[0,3],"1":[3,3],"2":[2,1],"3":[3,3]}}
,"/Users/hugoferreira/dev/work/docs/src/___new___/components/ProductComparison/styles.ts": {"path":"/Users/hugoferreira/dev/work/docs/src/___new___/components/ProductComparison/styles.ts","statementMap":{"0":{"start":{"line":1,"column":0},"end":{"line":1,"column":18}},"1":{"start":{"line":3,"column":34},"end":{"line":3,"column":59}},"2":{"start":{"line":3,"column":58},"end":{"line":9,"column":3}},"3":{"start":{"line":3,"column":13},"end":{"line":3,"column":34}},"4":{"start":{"line":11,"column":13},"end":{"line":18,"column":2}},"5":{"start":{"line":20,"column":13},"end":{"line":24,"column":2}},"6":{"start":{"line":26,"column":13},"end":{"line":32,"column":2}},"7":{"start":{"line":34,"column":13},"end":{"line":43,"column":2}},"8":{"start":{"line":45,"column":13},"end":{"line":49,"column":2}},"9":{"start":{"line":51,"column":13},"end":{"line":54,"column":2}},"10":{"start":{"line":56,"column":13},"end":{"line":67,"column":2}},"11":{"start":{"line":69,"column":13},"end":{"line":72,"column":2}}},"fnMap":{"0":{"name":"(anonymous_0)","decl":{"start":{"line":3,"column":34},"end":{"line":3,"column":35}},"loc":{"start":{"line":3,"column":53},"end":{"line":3,"column":59}}}},"branchMap":{"0":{"loc":{"start":{"line":7,"column":6},"end":{"line":7,"column":95}},"type":"cond-expr","locations":[{"start":{"line":7,"column":18},"end":{"line":7,"column":76}},{"start":{"line":7,"column":79},"end":{"line":7,"column":95}}]}},"s":{"0":1,"1":1,"2":1,"3":1,"4":1,"5":1,"6":1,"7":1,"8":1,"9":1,"10":1,"11":1},"f":{"0":1},"b":{"0":[0,1]}}
,"/Users/hugoferreira/dev/work/docs/src/___new___/components/ProductInfo/index.tsx": {"path":"/Users/hugoferreira/dev/work/docs/src/___new___/components/ProductInfo/index.tsx","statementMap":{"0":{"start":{"line":2,"column":0},"end":{"line":2,"column":86}},"1":{"start":{"line":3,"column":0},"end":{"line":3,"column":49}},"2":{"start":{"line":4,"column":0},"end":{"line":4,"column":null}},"3":{"start":{"line":12,"column":0},"end":{"line":12,"column":79}},"4":{"start":{"line":13,"column":0},"end":{"line":13,"column":49}},"5":{"start":{"line":19,"column":48},"end":{"line":80,"column":1}},"6":{"start":{"line":19,"column":53},"end":{"line":19,"column":58}},"7":{"start":{"line":19,"column":62},"end":{"line":19,"column":null}},"8":{"start":{"line":20,"column":2},"end":{"line":79,"column":4}},"9":{"start":{"line":33,"column":26},"end":{"line":33,"column":41}},"10":{"start":{"line":35,"column":8},"end":{"line":76,"column":10}},"11":{"start":{"line":56,"column":57},"end":{"line":63,"column":20}},"12":{"start":{"line":82,"column":0},"end":{"line":82,"column":27}}},"fnMap":{"0":{"name":"(anonymous_4)","decl":{"start":{"line":19,"column":48},"end":{"line":19,"column":49}},"loc":{"start":{"line":19,"column":64},"end":{"line":80,"column":1}}},"1":{"name":"(anonymous_5)","decl":{"start":{"line":32,"column":33},"end":{"line":32,"column":34}},"loc":{"start":{"line":32,"column":45},"end":{"line":77,"column":7}}},"2":{"name":"(anonymous_6)","decl":{"start":{"line":56,"column":40},"end":{"line":56,"column":41}},"loc":{"start":{"line":56,"column":52},"end":{"line":56,"column":null}}}},"branchMap":{},"s":{"0":1,"1":1,"2":1,"3":1,"4":1,"5":1,"6":1,"7":1,"8":1,"9":3,"10":3,"11":3,"12":1},"f":{"0":1,"1":3,"2":3},"b":{}}
,"/Users/hugoferreira/dev/work/docs/src/___new___/components/ProductInfo/styles.ts": {"path":"/Users/hugoferreira/dev/work/docs/src/___new___/components/ProductInfo/styles.ts","statementMap":{"0":{"start":{"line":1,"column":13},"end":{"line":6,"column":2}},"1":{"start":{"line":8,"column":34},"end":{"line":8,"column":59}},"2":{"start":{"line":8,"column":58},"end":{"line":12,"column":3}},"3":{"start":{"line":8,"column":13},"end":{"line":8,"column":34}},"4":{"start":{"line":14,"column":13},"end":{"line":17,"column":2}},"5":{"start":{"line":19,"column":34},"end":{"line":19,"column":59}},"6":{"start":{"line":19,"column":58},"end":{"line":27,"column":3}},"7":{"start":{"line":19,"column":13},"end":{"line":19,"column":34}},"8":{"start":{"line":29,"column":33},"end":{"line":29,"column":null}},"9":{"start":{"line":29,"column":57},"end":{"line":33,"column":3}},"10":{"start":{"line":29,"column":13},"end":{"line":29,"column":33}},"11":{"start":{"line":35,"column":33},"end":{"line":35,"column":null}},"12":{"start":{"line":35,"column":57},"end":{"line":39,"column":3}},"13":{"start":{"line":35,"column":13},"end":{"line":35,"column":33}},"14":{"start":{"line":41,"column":13},"end":{"line":45,"column":2}}},"fnMap":{"0":{"name":"(anonymous_0)","decl":{"start":{"line":8,"column":34},"end":{"line":8,"column":35}},"loc":{"start":{"line":8,"column":53},"end":{"line":8,"column":59}}},"1":{"name":"(anonymous_1)","decl":{"start":{"line":19,"column":34},"end":{"line":19,"column":35}},"loc":{"start":{"line":19,"column":53},"end":{"line":19,"column":59}}},"2":{"name":"(anonymous_2)","decl":{"start":{"line":29,"column":33},"end":{"line":29,"column":34}},"loc":{"start":{"line":29,"column":52},"end":{"line":29,"column":null}}},"3":{"name":"(anonymous_3)","decl":{"start":{"line":35,"column":33},"end":{"line":35,"column":34}},"loc":{"start":{"line":35,"column":52},"end":{"line":35,"column":null}}}},"branchMap":{"0":{"loc":{"start":{"line":10,"column":6},"end":{"line":10,"column":95}},"type":"cond-expr","locations":[{"start":{"line":10,"column":18},"end":{"line":10,"column":76}},{"start":{"line":10,"column":79},"end":{"line":10,"column":95}}]},"1":{"loc":{"start":{"line":24,"column":17},"end":{"line":26,"column":49}},"type":"cond-expr","locations":[{"start":{"line":25,"column":6},"end":{"line":25,"column":57}},{"start":{"line":26,"column":6},"end":{"line":26,"column":49}}]},"2":{"loc":{"start":{"line":32,"column":3},"end":{"line":32,"column":26}},"type":"cond-expr","locations":[{"start":{"line":32,"column":15},"end":{"line":32,"column":19}},{"start":{"line":32,"column":22},"end":{"line":32,"column":26}}]},"3":{"loc":{"start":{"line":38,"column":3},"end":{"line":38,"column":26}},"type":"cond-expr","locations":[{"start":{"line":38,"column":15},"end":{"line":38,"column":19}},{"start":{"line":38,"column":22},"end":{"line":38,"column":26}}]}},"s":{"0":1,"1":1,"2":3,"3":1,"4":1,"5":1,"6":3,"7":1,"8":1,"9":3,"10":1,"11":1,"12":3,"13":1,"14":1},"f":{"0":3,"1":3,"2":3,"3":3},"b":{"0":[0,3],"1":[1,2],"2":[1,2],"3":[1,2]}}
,"/Users/hugoferreira/dev/work/docs/src/___new___/components/SelectDocs/index.tsx": {"path":"/Users/hugoferreira/dev/work/docs/src/___new___/components/SelectDocs/index.tsx","statementMap":{"0":{"start":{"line":2,"column":0},"end":{"line":2,"column":99}},"1":{"start":{"line":3,"column":0},"end":{"line":3,"column":43}},"2":{"start":{"line":4,"column":0},"end":{"line":4,"column":55}},"3":{"start":{"line":6,"column":0},"end":{"line":6,"column":null}},"4":{"start":{"line":20,"column":46},"end":{"line":56,"column":2}},"5":{"start":{"line":20,"column":56},"end":{"line":20,"column":63}},"6":{"start":{"line":20,"column":63},"end":{"line":56,"column":2}},"7":{"start":{"line":36,"column":58},"end":{"line":53,"column":8}},"8":{"start":{"line":58,"column":0},"end":{"line":58,"column":26}}},"fnMap":{"0":{"name":"(anonymous_4)","decl":{"start":{"line":20,"column":46},"end":{"line":20,"column":47}},"loc":{"start":{"line":20,"column":58},"end":{"line":56,"column":2}}},"1":{"name":"(anonymous_5)","decl":{"start":{"line":36,"column":41},"end":{"line":36,"column":42}},"loc":{"start":{"line":36,"column":53},"end":{"line":36,"column":null}}}},"branchMap":{},"s":{"0":1,"1":1,"2":1,"3":1,"4":1,"5":1,"6":1,"7":3,"8":1},"f":{"0":1,"1":3},"b":{}}
,"/Users/hugoferreira/dev/work/docs/src/___new___/components/SelectDocs/styles.ts": {"path":"/Users/hugoferreira/dev/work/docs/src/___new___/components/SelectDocs/styles.ts","statementMap":{"0":{"start":{"line":1,"column":0},"end":{"line":1,"column":18}},"1":{"start":{"line":3,"column":34},"end":{"line":3,"column":59}},"2":{"start":{"line":3,"column":58},"end":{"line":9,"column":3}},"3":{"start":{"line":3,"column":13},"end":{"line":3,"column":34}},"4":{"start":{"line":11,"column":13},"end":{"line":17,"column":2}},"5":{"start":{"line":19,"column":13},"end":{"line":23,"column":2}},"6":{"start":{"line":25,"column":13},"end":{"line":31,"column":2}},"7":{"start":{"line":33,"column":13},"end":{"line":42,"column":2}},"8":{"start":{"line":44,"column":13},"end":{"line":48,"column":2}},"9":{"start":{"line":50,"column":13},"end":{"line":53,"column":2}},"10":{"start":{"line":55,"column":13},"end":{"line":66,"column":2}},"11":{"start":{"line":68,"column":13},"end":{"line":71,"column":2}}},"fnMap":{"0":{"name":"(anonymous_0)","decl":{"start":{"line":3,"column":34},"end":{"line":3,"column":35}},"loc":{"start":{"line":3,"column":53},"end":{"line":3,"column":59}}}},"branchMap":{"0":{"loc":{"start":{"line":7,"column":6},"end":{"line":7,"column":95}},"type":"cond-expr","locations":[{"start":{"line":7,"column":18},"end":{"line":7,"column":76}},{"start":{"line":7,"column":79},"end":{"line":7,"column":95}}]}},"s":{"0":1,"1":1,"2":1,"3":1,"4":1,"5":1,"6":1,"7":1,"8":1,"9":1,"10":1,"11":1},"f":{"0":1},"b":{"0":[0,1]}}
,"/Users/hugoferreira/dev/work/docs/src/___new___/components/styles/index.ts": {"path":"/Users/hugoferreira/dev/work/docs/src/___new___/components/styles/index.ts","statementMap":{"0":{"start":{"line":5,"column":30},"end":{"line":5,"column":55}},"1":{"start":{"line":5,"column":54},"end":{"line":11,"column":3}},"2":{"start":{"line":5,"column":13},"end":{"line":5,"column":30}},"3":{"start":{"line":13,"column":30},"end":{"line":13,"column":55}},"4":{"start":{"line":13,"column":54},"end":{"line":19,"column":3}},"5":{"start":{"line":13,"column":13},"end":{"line":13,"column":30}},"6":{"start":{"line":21,"column":33},"end":{"line":21,"column":58}},"7":{"start":{"line":21,"column":57},"end":{"line":27,"column":3}},"8":{"start":{"line":21,"column":13},"end":{"line":21,"column":33}},"9":{"start":{"line":29,"column":13},"end":{"line":33,"column":2}}},"fnMap":{"0":{"name":"(anonymous_0)","decl":{"start":{"line":5,"column":30},"end":{"line":5,"column":31}},"loc":{"start":{"line":5,"column":49},"end":{"line":5,"column":55}}},"1":{"name":"(anonymous_1)","decl":{"start":{"line":13,"column":30},"end":{"line":13,"column":31}},"loc":{"start":{"line":13,"column":49},"end":{"line":13,"column":55}}},"2":{"name":"(anonymous_2)","decl":{"start":{"line":21,"column":33},"end":{"line":21,"column":34}},"loc":{"start":{"line":21,"column":52},"end":{"line":21,"column":58}}}},"branchMap":{"0":{"loc":{"start":{"line":7,"column":9},"end":{"line":7,"column":44}},"type":"cond-expr","locations":[{"start":{"line":7,"column":21},"end":{"line":7,"column":28}},{"start":{"line":7,"column":31},"end":{"line":7,"column":44}}]},"1":{"loc":{"start":{"line":18,"column":9},"end":{"line":18,"column":44}},"type":"cond-expr","locations":[{"start":{"line":18,"column":21},"end":{"line":18,"column":28}},{"start":{"line":18,"column":31},"end":{"line":18,"column":44}}]},"2":{"loc":{"start":{"line":26,"column":9},"end":{"line":26,"column":44}},"type":"cond-expr","locations":[{"start":{"line":26,"column":21},"end":{"line":26,"column":28}},{"start":{"line":26,"column":31},"end":{"line":26,"column":44}}]}},"s":{"0":6,"1":1,"2":6,"3":6,"4":31,"5":6,"6":6,"7":3,"8":6,"9":6},"f":{"0":1,"1":31,"2":3},"b":{"0":[1,0],"1":[25,6],"2":[0,3]}}
,"/Users/hugoferreira/dev/work/docs/src/___new___/data/compareInfo.ts": {"path":"/Users/hugoferreira/dev/work/docs/src/___new___/data/compareInfo.ts","statementMap":{"0":{"start":{"line":3,"column":0},"end":{"line":79,"column":2}}},"fnMap":{},"branchMap":{},"s":{"0":2},"f":{},"b":{}}
,"/Users/hugoferreira/dev/work/docs/src/___new___/data/exploreInfo.ts": {"path":"/Users/hugoferreira/dev/work/docs/src/___new___/data/exploreInfo.ts","statementMap":{"0":{"start":{"line":7,"column":0},"end":{"line":31,"column":2}}},"fnMap":{},"branchMap":{},"s":{"0":1},"f":{},"b":{}}
,"/Users/hugoferreira/dev/work/docs/src/___new___/data/featureTableComparisonInfo.ts": {"path":"/Users/hugoferreira/dev/work/docs/src/___new___/data/featureTableComparisonInfo.ts","statementMap":{"0":{"start":{"line":3,"column":0},"end":{"line":349,"column":2}}},"fnMap":{},"branchMap":{},"s":{"0":1},"f":{},"b":{}}
,"/Users/hugoferreira/dev/work/docs/src/___new___/data/selectDocsInfo.ts": {"path":"/Users/hugoferreira/dev/work/docs/src/___new___/data/selectDocsInfo.ts","statementMap":{"0":{"start":{"line":3,"column":0},"end":{"line":21,"column":2}}},"fnMap":{},"branchMap":{},"s":{"0":1},"f":{},"b":{}}
}
