{"/Users/hugoferreira/dev/work/docs/src/___new___/components/Explore/index.tsx": {"path":"/Users/hugoferreira/dev/work/docs/src/___new___/components/Explore/index.tsx","statementMap":{"0":{"start":{"line":2,"column":0},"end":{"line":2,"column":86}},"1":{"start":{"line":3,"column":0},"end":{"line":3,"column":43}},"2":{"start":{"line":4,"column":0},"end":{"line":4,"column":52}},"3":{"start":{"line":6,"column":0},"end":{"line":6,"column":null}},"4":{"start":{"line":21,"column":46},"end":{"line":57,"column":2}},"5":{"start":{"line":21,"column":59},"end":{"line":21,"column":63}},"6":{"start":{"line":21,"column":67},"end":{"line":21,"column":74}},"7":{"start":{"line":21,"column":74},"end":{"line":57,"column":2}},"8":{"start":{"line":37,"column":58},"end":{"line":54,"column":8}},"9":{"start":{"line":44,"column":51},"end":{"line":51,"column":14}},"10":{"start":{"line":59,"column":0},"end":{"line":59,"column":26}}},"fnMap":{"0":{"name":"(anonymous_4)","decl":{"start":{"line":21,"column":46},"end":{"line":21,"column":47}},"loc":{"start":{"line":21,"column":69},"end":{"line":57,"column":2}}},"1":{"name":"(anonymous_5)","decl":{"start":{"line":37,"column":41},"end":{"line":37,"column":42}},"loc":{"start":{"line":37,"column":53},"end":{"line":37,"column":null}}},"2":{"name":"(anonymous_6)","decl":{"start":{"line":44,"column":34},"end":{"line":44,"column":35}},"loc":{"start":{"line":44,"column":46},"end":{"line":44,"column":null}}}},"branchMap":{},"s":{"0":1,"1":1,"2":1,"3":1,"4":1,"5":1,"6":1,"7":1,"8":3,"9":3,"10":1},"f":{"0":1,"1":3,"2":3},"b":{}}
,"/Users/hugoferreira/dev/work/docs/src/___new___/components/Explore/styles.ts": {"path":"/Users/hugoferreira/dev/work/docs/src/___new___/components/Explore/styles.ts","statementMap":{"0":{"start":{"line":1,"column":0},"end":{"line":1,"column":18}},"1":{"start":{"line":3,"column":13},"end":{"line":9,"column":2}},"2":{"start":{"line":11,"column":13},"end":{"line":17,"column":2}},"3":{"start":{"line":19,"column":13},"end":{"line":23,"column":2}},"4":{"start":{"line":25,"column":34},"end":{"line":25,"column":60}},"5":{"start":{"line":25,"column":59},"end":{"line":33,"column":3}},"6":{"start":{"line":25,"column":13},"end":{"line":25,"column":34}},"7":{"start":{"line":35,"column":30},"end":{"line":35,"column":56}},"8":{"start":{"line":35,"column":55},"end":{"line":44,"column":3}},"9":{"start":{"line":35,"column":13},"end":{"line":35,"column":30}},"10":{"start":{"line":46,"column":30},"end":{"line":46,"column":56}},"11":{"start":{"line":46,"column":55},"end":{"line":57,"column":3}},"12":{"start":{"line":46,"column":13},"end":{"line":46,"column":30}},"13":{"start":{"line":59,"column":13},"end":{"line":62,"column":2}}},"fnMap":{"0":{"name":"(anonymous_0)","decl":{"start":{"line":25,"column":34},"end":{"line":25,"column":35}},"loc":{"start":{"line":25,"column":54},"end":{"line":25,"column":60}}},"1":{"name":"(anonymous_1)","decl":{"start":{"line":35,"column":30},"end":{"line":35,"column":31}},"loc":{"start":{"line":35,"column":50},"end":{"line":35,"column":56}}},"2":{"name":"(anonymous_2)","decl":{"start":{"line":46,"column":30},"end":{"line":46,"column":31}},"loc":{"start":{"line":46,"column":50},"end":{"line":46,"column":56}}}},"branchMap":{"0":{"loc":{"start":{"line":28,"column":9},"end":{"line":28,"column":51}},"type":"cond-expr","locations":[{"start":{"line":28,"column":22},"end":{"line":28,"column":35}},{"start":{"line":28,"column":38},"end":{"line":28,"column":51}}]},"1":{"loc":{"start":{"line":39,"column":9},"end":{"line":39,"column":54}},"type":"cond-expr","locations":[{"start":{"line":39,"column":22},"end":{"line":39,"column":35}},{"start":{"line":39,"column":38},"end":{"line":39,"column":54}}]},"2":{"loc":{"start":{"line":51,"column":6},"end":{"line":51,"column":48}},"type":"cond-expr","locations":[{"start":{"line":51,"column":19},"end":{"line":51,"column":32}},{"start":{"line":51,"column":35},"end":{"line":51,"column":48}}]}},"s":{"0":1,"1":1,"2":1,"3":1,"4":1,"5":3,"6":1,"7":1,"8":3,"9":1,"10":1,"11":3,"12":1,"13":1},"f":{"0":3,"1":3,"2":3},"b":{"0":[3,0],"1":[3,0],"2":[3,0]}}
,"/Users/hugoferreira/dev/work/docs/src/___new___/components/FeatureTableComparison/index.tsx": {"path":"/Users/hugoferreira/dev/work/docs/src/___new___/components/FeatureTableComparison/index.tsx","statementMap":{"0":{"start":{"line":2,"column":0},"end":{"line":2,"column":null}},"1":{"start":{"line":15,"column":0},"end":{"line":15,"column":45}},"2":{"start":{"line":17,"column":0},"end":{"line":17,"column":55}},"3":{"start":{"line":18,"column":0},"end":{"line":18,"column":79}},"4":{"start":{"line":20,"column":0},"end":{"line":20,"column":null}},"5":{"start":{"line":35,"column":13},"end":{"line":35,"column":77}},"6":{"start":{"line":37,"column":60},"end":{"line":89,"column":2}},"7":{"start":{"line":37,"column":73},"end":{"line":37,"column":78}},"8":{"start":{"line":37,"column":82},"end":{"line":37,"column":89}},"9":{"start":{"line":37,"column":89},"end":{"line":89,"column":2}},"10":{"start":{"line":50,"column":63},"end":{"line":86,"column":8}},"11":{"start":{"line":74,"column":57},"end":{"line":81,"column":18}},"12":{"start":{"line":91,"column":0},"end":{"line":91,"column":33}}},"fnMap":{"0":{"name":"(anonymous_4)","decl":{"start":{"line":37,"column":60},"end":{"line":37,"column":61}},"loc":{"start":{"line":37,"column":84},"end":{"line":89,"column":2}}},"1":{"name":"(anonymous_5)","decl":{"start":{"line":50,"column":46},"end":{"line":50,"column":47}},"loc":{"start":{"line":50,"column":58},"end":{"line":50,"column":null}}},"2":{"name":"(anonymous_6)","decl":{"start":{"line":74,"column":34},"end":{"line":74,"column":35}},"loc":{"start":{"line":74,"column":52},"end":{"line":74,"column":null}}}},"branchMap":{"0":{"loc":{"start":{"line":77,"column":41},"end":{"line":77,"column":107}},"type":"cond-expr","locations":[{"start":{"line":77,"column":73},"end":{"line":77,"column":102}},{"start":{"line":77,"column":105},"end":{"line":77,"column":107}}]},"1":{"loc":{"start":{"line":78,"column":41},"end":{"line":78,"column":107}},"type":"cond-expr","locations":[{"start":{"line":78,"column":73},"end":{"line":78,"column":102}},{"start":{"line":78,"column":105},"end":{"line":78,"column":107}}]},"2":{"loc":{"start":{"line":79,"column":41},"end":{"line":79,"column":102}},"type":"cond-expr","locations":[{"start":{"line":79,"column":68},"end":{"line":79,"column":97}},{"start":{"line":79,"column":100},"end":{"line":79,"column":102}}]}},"s":{"0":1,"1":1,"2":1,"3":1,"4":1,"5":1,"6":1,"7":2,"8":1,"9":1,"10":11,"11":48,"12":1},"f":{"0":2,"1":11,"2":48},"b":{"0":[21,27],"1":[43,5],"2":[46,2]}}
,"/Users/hugoferreira/dev/work/docs/src/___new___/components/FeatureTableComparison/styles.ts": {"path":"/Users/hugoferreira/dev/work/docs/src/___new___/components/FeatureTableComparison/styles.ts","statementMap":{"0":{"start":{"line":1,"column":0},"end":{"line":1,"column":18}},"1":{"start":{"line":3,"column":34},"end":{"line":3,"column":59}},"2":{"start":{"line":3,"column":58},"end":{"line":9,"column":3}},"3":{"start":{"line":3,"column":13},"end":{"line":3,"column":34}},"4":{"start":{"line":12,"column":23},"end":{"line":12,"column":49}},"5":{"start":{"line":12,"column":48},"end":{"line":14,"column":3}},"6":{"start":{"line":12,"column":13},"end":{"line":12,"column":23}},"7":{"start":{"line":17,"column":13},"end":{"line":23,"column":2}},"8":{"start":{"line":25,"column":13},"end":{"line":27,"column":2}},"9":{"start":{"line":28,"column":13},"end":{"line":32,"column":2}},"10":{"start":{"line":34,"column":13},"end":{"line":38,"column":2}},"11":{"start":{"line":40,"column":13},"end":{"line":46,"column":2}},"12":{"start":{"line":48,"column":13},"end":{"line":57,"column":2}},"13":{"start":{"line":59,"column":13},"end":{"line":63,"column":2}},"14":{"start":{"line":65,"column":13},"end":{"line":67,"column":2}},"15":{"start":{"line":69,"column":13},"end":{"line":72,"column":2}}},"fnMap":{"0":{"name":"(anonymous_0)","decl":{"start":{"line":3,"column":34},"end":{"line":3,"column":35}},"loc":{"start":{"line":3,"column":53},"end":{"line":3,"column":59}}},"1":{"name":"(anonymous_1)","decl":{"start":{"line":12,"column":23},"end":{"line":12,"column":24}},"loc":{"start":{"line":12,"column":43},"end":{"line":12,"column":49}}}},"branchMap":{"0":{"loc":{"start":{"line":7,"column":6},"end":{"line":7,"column":95}},"type":"cond-expr","locations":[{"start":{"line":7,"column":18},"end":{"line":7,"column":76}},{"start":{"line":7,"column":79},"end":{"line":7,"column":95}}]},"1":{"loc":{"start":{"line":13,"column":9},"end":{"line":13,"column":54}},"type":"cond-expr","locations":[{"start":{"line":13,"column":22},"end":{"line":13,"column":35}},{"start":{"line":13,"column":38},"end":{"line":13,"column":54}}]}},"s":{"0":1,"1":1,"2":1,"3":1,"4":1,"5":33,"6":1,"7":1,"8":1,"9":1,"10":1,"11":1,"12":1,"13":1,"14":1,"15":1},"f":{"0":1,"1":33},"b":{"0":[1,0],"1":[33,0]}}
,"/Users/hugoferreira/dev/work/docs/src/___new___/components/HomepageHeader/index.tsx": {"path":"/Users/hugoferreira/dev/work/docs/src/___new___/components/HomepageHeader/index.tsx","statementMap":{"0":{"start":{"line":2,"column":0},"end":{"line":2,"column":79}},"1":{"start":{"line":4,"column":0},"end":{"line":4,"column":null}},"2":{"start":{"line":12,"column":0},"end":{"line":12,"column":43}},"3":{"start":{"line":20,"column":50},"end":{"line":43,"column":1}},"4":{"start":{"line":20,"column":55},"end":{"line":20,"column":57}},"5":{"start":{"line":20,"column":67},"end":{"line":20,"column":69}},"6":{"start":{"line":20,"column":79},"end":{"line":20,"column":84}},"7":{"start":{"line":20,"column":88},"end":{"line":20,"column":null}},"8":{"start":{"line":21,"column":2},"end":{"line":42,"column":4}},"9":{"start":{"line":45,"column":0},"end":{"line":45,"column":30}}},"fnMap":{"0":{"name":"(anonymous_3)","decl":{"start":{"line":20,"column":50},"end":{"line":20,"column":51}},"loc":{"start":{"line":20,"column":90},"end":{"line":43,"column":1}}}},"branchMap":{},"s":{"0":1,"1":1,"2":1,"3":1,"4":1,"5":1,"6":1,"7":1,"8":1,"9":1},"f":{"0":1},"b":{}}
,"/Users/hugoferreira/dev/work/docs/src/___new___/components/HomepageHeader/styles.ts": {"path":"/Users/hugoferreira/dev/work/docs/src/___new___/components/HomepageHeader/styles.ts","statementMap":{"0":{"start":{"line":1,"column":13},"end":{"line":7,"column":2}},"1":{"start":{"line":9,"column":13},"end":{"line":13,"column":2}},"2":{"start":{"line":15,"column":13},"end":{"line":20,"column":2}},"3":{"start":{"line":22,"column":13},"end":{"line":30,"column":2}},"4":{"start":{"line":32,"column":13},"end":{"line":63,"column":2}},"5":{"start":{"line":65,"column":13},"end":{"line":72,"column":2}},"6":{"start":{"line":74,"column":13},"end":{"line":80,"column":2}},"7":{"start":{"line":82,"column":13},"end":{"line":90,"column":2}},"8":{"start":{"line":92,"column":13},"end":{"line":96,"column":2}},"9":{"start":{"line":97,"column":13},"end":{"line":103,"column":2}},"10":{"start":{"line":105,"column":13},"end":{"line":112,"column":2}},"11":{"start":{"line":114,"column":13},"end":{"line":116,"column":2}}},"fnMap":{},"branchMap":{},"s":{"0":1,"1":1,"2":1,"3":1,"4":1,"5":1,"6":1,"7":1,"8":1,"9":1,"10":1,"11":1},"f":{},"b":{}}
,"/Users/hugoferreira/dev/work/docs/src/___new___/components/LearnMoreButton/index.tsx": {"path":"/Users/hugoferreira/dev/work/docs/src/___new___/components/LearnMoreButton/index.tsx","statementMap":{"0":{"start":{"line":2,"column":0},"end":{"line":2,"column":67}},"1":{"start":{"line":3,"column":0},"end":{"line":3,"column":30}},"2":{"start":{"line":12,"column":56},"end":{"line":28,"column":1}},"3":{"start":{"line":12,"column":61},"end":{"line":12,"column":63}},"4":{"start":{"line":12,"column":72},"end":{"line":12,"column":74}},"5":{"start":{"line":12,"column":78},"end":{"line":12,"column":80}},"6":{"start":{"line":12,"column":80},"end":{"line":12,"column":89}},"7":{"start":{"line":12,"column":89},"end":{"line":12,"column":102}},"8":{"start":{"line":12,"column":106},"end":{"line":12,"column":null}},"9":{"start":{"line":13,"column":2},"end":{"line":27,"column":4}},"10":{"start":{"line":30,"column":0},"end":{"line":30,"column":31}}},"fnMap":{"0":{"name":"(anonymous_4)","decl":{"start":{"line":12,"column":56},"end":{"line":12,"column":57}},"loc":{"start":{"line":12,"column":108},"end":{"line":28,"column":1}}}},"branchMap":{"0":{"loc":{"start":{"line":12,"column":89},"end":{"line":12,"column":102}},"type":"cond-expr","locations":[{"start":{"line":12,"column":92},"end":{"line":12,"column":97}},{"start":{"line":12,"column":97},"end":{"line":12,"column":102}}]}},"s":{"0":1,"1":1,"2":1,"3":3,"4":3,"5":3,"6":3,"7":3,"8":3,"9":3,"10":1},"f":{"0":3},"b":{"0":[0,3]}}
,"/Users/hugoferreira/dev/work/docs/src/___new___/components/LearnMoreButton/styles.ts": {"path":"/Users/hugoferreira/dev/work/docs/src/___new___/components/LearnMoreButton/styles.ts","statementMap":{"0":{"start":{"line":1,"column":0},"end":{"line":21,"column":3}},"1":{"start":{"line":1,"column":39},"end":{"line":21,"column":3}}},"fnMap":{"0":{"name":"(anonymous_0)","decl":{"start":{"line":1,"column":15},"end":{"line":1,"column":16}},"loc":{"start":{"line":1,"column":34},"end":{"line":1,"column":40}}}},"branchMap":{"0":{"loc":{"start":{"line":8,"column":11},"end":{"line":8,"column":49}},"type":"cond-expr","locations":[{"start":{"line":8,"column":23},"end":{"line":8,"column":30}},{"start":{"line":8,"column":33},"end":{"line":8,"column":49}}]},"1":{"loc":{"start":{"line":11,"column":20},"end":{"line":11,"column":58}},"type":"cond-expr","locations":[{"start":{"line":11,"column":32},"end":{"line":11,"column":39}},{"start":{"line":11,"column":42},"end":{"line":11,"column":58}}]}},"s":{"0":1,"1":3},"f":{"0":3},"b":{"0":[3,0],"1":[3,0]}}
,"/Users/hugoferreira/dev/work/docs/src/___new___/components/ProductComparison/index.tsx": {"path":"/Users/hugoferreira/dev/work/docs/src/___new___/components/ProductComparison/index.tsx","statementMap":{"0":{"start":{"line":2,"column":0},"end":{"line":2,"column":null}},"1":{"start":{"line":15,"column":0},"end":{"line":15,"column":43}},"2":{"start":{"line":16,"column":0},"end":{"line":16,"column":49}},"3":{"start":{"line":18,"column":0},"end":{"line":18,"column":null}},"4":{"start":{"line":32,"column":60},"end":{"line":118,"column":2}},"5":{"start":{"line":32,"column":73},"end":{"line":32,"column":78}},"6":{"start":{"line":32,"column":82},"end":{"line":32,"column":89}},"7":{"start":{"line":32,"column":89},"end":{"line":118,"column":2}},"8":{"start":{"line":51,"column":54},"end":{"line":112,"column":14}},"9":{"start":{"line":64,"column":59},"end":{"line":71,"column":22}},"10":{"start":{"line":76,"column":53},"end":{"line":83,"column":20}},"11":{"start":{"line":85,"column":55},"end":{"line":92,"column":20}},"12":{"start":{"line":120,"column":0},"end":{"line":120,"column":33}}},"fnMap":{"0":{"name":"(anonymous_4)","decl":{"start":{"line":32,"column":60},"end":{"line":32,"column":61}},"loc":{"start":{"line":32,"column":84},"end":{"line":118,"column":2}}},"1":{"name":"(anonymous_5)","decl":{"start":{"line":51,"column":37},"end":{"line":51,"column":38}},"loc":{"start":{"line":51,"column":49},"end":{"line":112,"column":14}}},"2":{"name":"(anonymous_6)","decl":{"start":{"line":64,"column":42},"end":{"line":64,"column":43}},"loc":{"start":{"line":64,"column":54},"end":{"line":64,"column":null}}},"3":{"name":"(anonymous_7)","decl":{"start":{"line":76,"column":36},"end":{"line":76,"column":37}},"loc":{"start":{"line":76,"column":48},"end":{"line":76,"column":null}}},"4":{"name":"(anonymous_8)","decl":{"start":{"line":85,"column":38},"end":{"line":85,"column":39}},"loc":{"start":{"line":85,"column":50},"end":{"line":85,"column":null}}}},"branchMap":{"0":{"loc":{"start":{"line":84,"column":22},"end":{"line":84,"column":35}},"type":"cond-expr","locations":[{"start":{"line":84,"column":26},"end":{"line":84,"column":28}},{"start":{"line":84,"column":22},"end":{"line":84,"column":35}}]},"1":{"loc":{"start":{"line":84,"column":22},"end":{"line":84,"column":28}},"type":"binary-expr","locations":[{"start":{"line":84,"column":22},"end":{"line":84,"column":28}},{"start":{"line":84,"column":22},"end":{"line":84,"column":28}}]},"2":{"loc":{"start":{"line":85,"column":19},"end":{"line":92,"column":20}},"type":"cond-expr","locations":[{"start":{"line":85,"column":32},"end":{"line":85,"column":34}},{"start":{"line":85,"column":32},"end":{"line":92,"column":20}}]},"3":{"loc":{"start":{"line":85,"column":19},"end":{"line":85,"column":34}},"type":"binary-expr","locations":[{"start":{"line":85,"column":19},"end":{"line":85,"column":34}},{"start":{"line":85,"column":32},"end":{"line":85,"column":34}}]}},"s":{"0":1,"1":1,"2":1,"3":1,"4":1,"5":1,"6":1,"7":1,"8":3,"9":3,"10":11,"11":1,"12":1},"f":{"0":1,"1":3,"2":3,"3":11,"4":1},"b":{"0":[0,3],"1":[3,3],"2":[2,1],"3":[3,3]}}
,"/Users/hugoferreira/dev/work/docs/src/___new___/components/ProductComparison/styles.ts": {"path":"/Users/hugoferreira/dev/work/docs/src/___new___/components/ProductComparison/styles.ts","statementMap":{"0":{"start":{"line":1,"column":0},"end":{"line":1,"column":18}},"1":{"start":{"line":3,"column":34},"end":{"line":3,"column":59}},"2":{"start":{"line":3,"column":58},"end":{"line":9,"column":3}},"3":{"start":{"line":3,"column":13},"end":{"line":3,"column":34}},"4":{"start":{"line":11,"column":13},"end":{"line":16,"column":2}},"5":{"start":{"line":18,"column":13},"end":{"line":22,"column":2}},"6":{"start":{"line":24,"column":13},"end":{"line":30,"column":2}},"7":{"start":{"line":32,"column":13},"end":{"line":41,"column":2}},"8":{"start":{"line":43,"column":13},"end":{"line":47,"column":2}},"9":{"start":{"line":49,"column":13},"end":{"line":52,"column":2}},"10":{"start":{"line":54,"column":26},"end":{"line":54,"column":52}},"11":{"start":{"line":54,"column":51},"end":{"line":58,"column":3}},"12":{"start":{"line":54,"column":13},"end":{"line":54,"column":26}},"13":{"start":{"line":60,"column":13},"end":{"line":63,"column":2}}},"fnMap":{"0":{"name":"(anonymous_0)","decl":{"start":{"line":3,"column":34},"end":{"line":3,"column":35}},"loc":{"start":{"line":3,"column":53},"end":{"line":3,"column":59}}},"1":{"name":"(anonymous_1)","decl":{"start":{"line":54,"column":26},"end":{"line":54,"column":27}},"loc":{"start":{"line":54,"column":46},"end":{"line":54,"column":52}}}},"branchMap":{"0":{"loc":{"start":{"line":7,"column":6},"end":{"line":7,"column":95}},"type":"cond-expr","locations":[{"start":{"line":7,"column":18},"end":{"line":7,"column":76}},{"start":{"line":7,"column":79},"end":{"line":7,"column":95}}]},"1":{"loc":{"start":{"line":56,"column":6},"end":{"line":56,"column":51}},"type":"cond-expr","locations":[{"start":{"line":56,"column":19},"end":{"line":56,"column":32}},{"start":{"line":56,"column":35},"end":{"line":56,"column":51}}]},"2":{"loc":{"start":{"line":57,"column":9},"end":{"line":57,"column":54}},"type":"cond-expr","locations":[{"start":{"line":57,"column":22},"end":{"line":57,"column":35}},{"start":{"line":57,"column":38},"end":{"line":57,"column":54}}]}},"s":{"0":1,"1":1,"2":1,"3":1,"4":1,"5":1,"6":1,"7":1,"8":1,"9":1,"10":1,"11":1,"12":1,"13":1},"f":{"0":1,"1":1},"b":{"0":[1,0],"1":[1,0],"2":[1,0]}}
,"/Users/hugoferreira/dev/work/docs/src/___new___/components/ProductInfo/index.tsx": {"path":"/Users/hugoferreira/dev/work/docs/src/___new___/components/ProductInfo/index.tsx","statementMap":{"0":{"start":{"line":2,"column":0},"end":{"line":2,"column":86}},"1":{"start":{"line":3,"column":0},"end":{"line":3,"column":49}},"2":{"start":{"line":4,"column":0},"end":{"line":4,"column":null}},"3":{"start":{"line":12,"column":0},"end":{"line":12,"column":79}},"4":{"start":{"line":13,"column":0},"end":{"line":13,"column":49}},"5":{"start":{"line":20,"column":48},"end":{"line":81,"column":1}},"6":{"start":{"line":20,"column":53},"end":{"line":20,"column":55}},"7":{"start":{"line":20,"column":65},"end":{"line":20,"column":70}},"8":{"start":{"line":20,"column":74},"end":{"line":20,"column":null}},"9":{"start":{"line":21,"column":2},"end":{"line":80,"column":4}},"10":{"start":{"line":34,"column":26},"end":{"line":34,"column":41}},"11":{"start":{"line":36,"column":8},"end":{"line":77,"column":10}},"12":{"start":{"line":57,"column":57},"end":{"line":64,"column":20}},"13":{"start":{"line":83,"column":0},"end":{"line":83,"column":27}}},"fnMap":{"0":{"name":"(anonymous_4)","decl":{"start":{"line":20,"column":48},"end":{"line":20,"column":49}},"loc":{"start":{"line":20,"column":76},"end":{"line":81,"column":1}}},"1":{"name":"(anonymous_5)","decl":{"start":{"line":33,"column":33},"end":{"line":33,"column":34}},"loc":{"start":{"line":33,"column":45},"end":{"line":78,"column":7}}},"2":{"name":"(anonymous_6)","decl":{"start":{"line":57,"column":40},"end":{"line":57,"column":41}},"loc":{"start":{"line":57,"column":52},"end":{"line":57,"column":null}}}},"branchMap":{},"s":{"0":1,"1":1,"2":1,"3":1,"4":1,"5":1,"6":1,"7":1,"8":1,"9":1,"10":3,"11":3,"12":3,"13":1},"f":{"0":1,"1":3,"2":3},"b":{}}
,"/Users/hugoferreira/dev/work/docs/src/___new___/components/ProductInfo/styles.ts": {"path":"/Users/hugoferreira/dev/work/docs/src/___new___/components/ProductInfo/styles.ts","statementMap":{"0":{"start":{"line":1,"column":35},"end":{"line":1,"column":60}},"1":{"start":{"line":1,"column":59},"end":{"line":7,"column":3}},"2":{"start":{"line":1,"column":13},"end":{"line":1,"column":35}},"3":{"start":{"line":9,"column":34},"end":{"line":9,"column":59}},"4":{"start":{"line":9,"column":58},"end":{"line":15,"column":3}},"5":{"start":{"line":9,"column":13},"end":{"line":9,"column":34}},"6":{"start":{"line":17,"column":13},"end":{"line":20,"column":2}},"7":{"start":{"line":22,"column":34},"end":{"line":22,"column":59}},"8":{"start":{"line":22,"column":58},"end":{"line":30,"column":3}},"9":{"start":{"line":22,"column":13},"end":{"line":22,"column":34}},"10":{"start":{"line":32,"column":33},"end":{"line":32,"column":null}},"11":{"start":{"line":32,"column":57},"end":{"line":36,"column":3}},"12":{"start":{"line":32,"column":13},"end":{"line":32,"column":33}},"13":{"start":{"line":38,"column":33},"end":{"line":38,"column":null}},"14":{"start":{"line":38,"column":57},"end":{"line":42,"column":3}},"15":{"start":{"line":38,"column":13},"end":{"line":38,"column":33}},"16":{"start":{"line":44,"column":13},"end":{"line":48,"column":2}}},"fnMap":{"0":{"name":"(anonymous_0)","decl":{"start":{"line":1,"column":35},"end":{"line":1,"column":36}},"loc":{"start":{"line":1,"column":54},"end":{"line":1,"column":60}}},"1":{"name":"(anonymous_1)","decl":{"start":{"line":9,"column":34},"end":{"line":9,"column":35}},"loc":{"start":{"line":9,"column":53},"end":{"line":9,"column":59}}},"2":{"name":"(anonymous_2)","decl":{"start":{"line":22,"column":34},"end":{"line":22,"column":35}},"loc":{"start":{"line":22,"column":53},"end":{"line":22,"column":59}}},"3":{"name":"(anonymous_3)","decl":{"start":{"line":32,"column":33},"end":{"line":32,"column":34}},"loc":{"start":{"line":32,"column":52},"end":{"line":32,"column":null}}},"4":{"name":"(anonymous_4)","decl":{"start":{"line":38,"column":33},"end":{"line":38,"column":34}},"loc":{"start":{"line":38,"column":52},"end":{"line":38,"column":null}}}},"branchMap":{"0":{"loc":{"start":{"line":2,"column":6},"end":{"line":2,"column":50}},"type":"cond-expr","locations":[{"start":{"line":2,"column":18},"end":{"line":2,"column":31}},{"start":{"line":2,"column":34},"end":{"line":2,"column":50}}]},"1":{"loc":{"start":{"line":11,"column":6},"end":{"line":11,"column":50}},"type":"cond-expr","locations":[{"start":{"line":11,"column":18},"end":{"line":11,"column":31}},{"start":{"line":11,"column":34},"end":{"line":11,"column":50}}]},"2":{"loc":{"start":{"line":27,"column":17},"end":{"line":29,"column":49}},"type":"cond-expr","locations":[{"start":{"line":28,"column":6},"end":{"line":28,"column":57}},{"start":{"line":29,"column":6},"end":{"line":29,"column":49}}]},"3":{"loc":{"start":{"line":35,"column":3},"end":{"line":35,"column":26}},"type":"cond-expr","locations":[{"start":{"line":35,"column":15},"end":{"line":35,"column":19}},{"start":{"line":35,"column":22},"end":{"line":35,"column":26}}]},"4":{"loc":{"start":{"line":41,"column":3},"end":{"line":41,"column":26}},"type":"cond-expr","locations":[{"start":{"line":41,"column":15},"end":{"line":41,"column":19}},{"start":{"line":41,"column":22},"end":{"line":41,"column":26}}]}},"s":{"0":1,"1":1,"2":1,"3":1,"4":3,"5":1,"6":1,"7":1,"8":3,"9":1,"10":1,"11":3,"12":1,"13":1,"14":3,"15":1,"16":1},"f":{"0":1,"1":3,"2":3,"3":3,"4":3},"b":{"0":[1,0],"1":[3,0],"2":[1,2],"3":[1,2],"4":[1,2]}}
,"/Users/hugoferreira/dev/work/docs/src/___new___/components/SelectDocs/index.tsx": {"path":"/Users/hugoferreira/dev/work/docs/src/___new___/components/SelectDocs/index.tsx","statementMap":{"0":{"start":{"line":2,"column":0},"end":{"line":2,"column":99}},"1":{"start":{"line":3,"column":0},"end":{"line":3,"column":43}},"2":{"start":{"line":4,"column":0},"end":{"line":4,"column":55}},"3":{"start":{"line":6,"column":0},"end":{"line":6,"column":null}},"4":{"start":{"line":21,"column":46},"end":{"line":57,"column":2}},"5":{"start":{"line":21,"column":59},"end":{"line":21,"column":64}},"6":{"start":{"line":21,"column":68},"end":{"line":21,"column":75}},"7":{"start":{"line":21,"column":75},"end":{"line":57,"column":2}},"8":{"start":{"line":37,"column":58},"end":{"line":54,"column":8}},"9":{"start":{"line":59,"column":0},"end":{"line":59,"column":26}}},"fnMap":{"0":{"name":"(anonymous_4)","decl":{"start":{"line":21,"column":46},"end":{"line":21,"column":47}},"loc":{"start":{"line":21,"column":70},"end":{"line":57,"column":2}}},"1":{"name":"(anonymous_5)","decl":{"start":{"line":37,"column":41},"end":{"line":37,"column":42}},"loc":{"start":{"line":37,"column":53},"end":{"line":37,"column":null}}}},"branchMap":{},"s":{"0":1,"1":1,"2":1,"3":1,"4":1,"5":1,"6":1,"7":1,"8":3,"9":1},"f":{"0":1,"1":3},"b":{}}
,"/Users/hugoferreira/dev/work/docs/src/___new___/components/SelectDocs/styles.ts": {"path":"/Users/hugoferreira/dev/work/docs/src/___new___/components/SelectDocs/styles.ts","statementMap":{"0":{"start":{"line":1,"column":0},"end":{"line":1,"column":18}},"1":{"start":{"line":3,"column":34},"end":{"line":3,"column":59}},"2":{"start":{"line":3,"column":58},"end":{"line":9,"column":3}},"3":{"start":{"line":3,"column":13},"end":{"line":3,"column":34}},"4":{"start":{"line":11,"column":13},"end":{"line":17,"column":2}},"5":{"start":{"line":19,"column":13},"end":{"line":23,"column":2}},"6":{"start":{"line":25,"column":13},"end":{"line":31,"column":2}},"7":{"start":{"line":33,"column":13},"end":{"line":42,"column":2}},"8":{"start":{"line":44,"column":13},"end":{"line":48,"column":2}},"9":{"start":{"line":50,"column":13},"end":{"line":53,"column":2}},"10":{"start":{"line":55,"column":13},"end":{"line":66,"column":2}},"11":{"start":{"line":68,"column":13},"end":{"line":71,"column":2}}},"fnMap":{"0":{"name":"(anonymous_0)","decl":{"start":{"line":3,"column":34},"end":{"line":3,"column":35}},"loc":{"start":{"line":3,"column":53},"end":{"line":3,"column":59}}}},"branchMap":{"0":{"loc":{"start":{"line":7,"column":6},"end":{"line":7,"column":50}},"type":"cond-expr","locations":[{"start":{"line":7,"column":18},"end":{"line":7,"column":31}},{"start":{"line":7,"column":34},"end":{"line":7,"column":50}}]}},"s":{"0":1,"1":1,"2":1,"3":1,"4":1,"5":1,"6":1,"7":1,"8":1,"9":1,"10":1,"11":1},"f":{"0":1},"b":{"0":[1,0]}}
,"/Users/hugoferreira/dev/work/docs/src/___new___/components/styles/index.ts": {"path":"/Users/hugoferreira/dev/work/docs/src/___new___/components/styles/index.ts","statementMap":{"0":{"start":{"line":5,"column":30},"end":{"line":5,"column":55}},"1":{"start":{"line":5,"column":54},"end":{"line":11,"column":3}},"2":{"start":{"line":5,"column":13},"end":{"line":5,"column":30}},"3":{"start":{"line":13,"column":30},"end":{"line":13,"column":55}},"4":{"start":{"line":13,"column":54},"end":{"line":19,"column":3}},"5":{"start":{"line":13,"column":13},"end":{"line":13,"column":30}},"6":{"start":{"line":21,"column":33},"end":{"line":21,"column":58}},"7":{"start":{"line":21,"column":57},"end":{"line":27,"column":3}},"8":{"start":{"line":21,"column":13},"end":{"line":21,"column":33}},"9":{"start":{"line":29,"column":13},"end":{"line":33,"column":2}},"10":{"start":{"line":35,"column":26},"end":{"line":35,"column":52}},"11":{"start":{"line":35,"column":51},"end":{"line":39,"column":3}},"12":{"start":{"line":35,"column":13},"end":{"line":35,"column":26}}},"fnMap":{"0":{"name":"(anonymous_0)","decl":{"start":{"line":5,"column":30},"end":{"line":5,"column":31}},"loc":{"start":{"line":5,"column":49},"end":{"line":5,"column":55}}},"1":{"name":"(anonymous_1)","decl":{"start":{"line":13,"column":30},"end":{"line":13,"column":31}},"loc":{"start":{"line":13,"column":49},"end":{"line":13,"column":55}}},"2":{"name":"(anonymous_2)","decl":{"start":{"line":21,"column":33},"end":{"line":21,"column":34}},"loc":{"start":{"line":21,"column":52},"end":{"line":21,"column":58}}},"3":{"name":"(anonymous_3)","decl":{"start":{"line":35,"column":26},"end":{"line":35,"column":27}},"loc":{"start":{"line":35,"column":46},"end":{"line":35,"column":52}}}},"branchMap":{"0":{"loc":{"start":{"line":7,"column":9},"end":{"line":7,"column":44}},"type":"cond-expr","locations":[{"start":{"line":7,"column":21},"end":{"line":7,"column":28}},{"start":{"line":7,"column":31},"end":{"line":7,"column":44}}]},"1":{"loc":{"start":{"line":18,"column":9},"end":{"line":18,"column":44}},"type":"cond-expr","locations":[{"start":{"line":18,"column":21},"end":{"line":18,"column":28}},{"start":{"line":18,"column":31},"end":{"line":18,"column":44}}]},"2":{"loc":{"start":{"line":26,"column":9},"end":{"line":26,"column":44}},"type":"cond-expr","locations":[{"start":{"line":26,"column":21},"end":{"line":26,"column":28}},{"start":{"line":26,"column":31},"end":{"line":26,"column":44}}]},"3":{"loc":{"start":{"line":37,"column":6},"end":{"line":37,"column":51}},"type":"cond-expr","locations":[{"start":{"line":37,"column":19},"end":{"line":37,"column":32}},{"start":{"line":37,"column":35},"end":{"line":37,"column":51}}]},"4":{"loc":{"start":{"line":38,"column":9},"end":{"line":38,"column":54}},"type":"cond-expr","locations":[{"start":{"line":38,"column":22},"end":{"line":38,"column":35}},{"start":{"line":38,"column":38},"end":{"line":38,"column":54}}]}},"s":{"0":6,"1":1,"2":6,"3":6,"4":19,"5":6,"6":6,"7":3,"8":6,"9":6,"10":6,"11":11,"12":6},"f":{"0":1,"1":19,"2":3,"3":11},"b":{"0":[1,0],"1":[19,0],"2":[3,0],"3":[11,0],"4":[11,0]}}
,"/Users/hugoferreira/dev/work/docs/src/___new___/data/compareInfo.ts": {"path":"/Users/hugoferreira/dev/work/docs/src/___new___/data/compareInfo.ts","statementMap":{"0":{"start":{"line":3,"column":0},"end":{"line":79,"column":2}}},"fnMap":{},"branchMap":{},"s":{"0":2},"f":{},"b":{}}
,"/Users/hugoferreira/dev/work/docs/src/___new___/data/exploreInfo.ts": {"path":"/Users/hugoferreira/dev/work/docs/src/___new___/data/exploreInfo.ts","statementMap":{"0":{"start":{"line":7,"column":0},"end":{"line":31,"column":2}}},"fnMap":{},"branchMap":{},"s":{"0":1},"f":{},"b":{}}
,"/Users/hugoferreira/dev/work/docs/src/___new___/data/featureTableComparisonInfo.ts": {"path":"/Users/hugoferreira/dev/work/docs/src/___new___/data/featureTableComparisonInfo.ts","statementMap":{"0":{"start":{"line":3,"column":0},"end":{"line":349,"column":2}}},"fnMap":{},"branchMap":{},"s":{"0":1},"f":{},"b":{}}
,"/Users/hugoferreira/dev/work/docs/src/___new___/data/selectDocsInfo.ts": {"path":"/Users/hugoferreira/dev/work/docs/src/___new___/data/selectDocsInfo.ts","statementMap":{"0":{"start":{"line":3,"column":0},"end":{"line":21,"column":2}}},"fnMap":{},"branchMap":{},"s":{"0":1},"f":{},"b":{}}
}
