TN:
SF:src/___new___/components/Explore/index.tsx
FN:23,(anonymous_4)
FN:39,(anonymous_5)
FN:46,(anonymous_6)
FNF:3
FNH:3
FNDA:1,(anonymous_4)
FNDA:3,(anonymous_5)
FNDA:3,(anonymous_6)
DA:4,1
DA:5,1
DA:6,1
DA:8,1
DA:23,1
DA:39,3
DA:46,3
DA:61,1
LF:8
LH:8
BRF:0
BRH:0
end_of_record
TN:
SF:src/___new___/components/Explore/styles.ts
FN:25,(anonymous_0)
FN:35,(anonymous_1)
FN:46,(anonymous_2)
FNF:3
FNH:3
FNDA:3,(anonymous_0)
FNDA:3,(anonymous_1)
FNDA:3,(anonymous_2)
DA:1,1
DA:3,1
DA:11,1
DA:19,1
DA:25,3
DA:35,3
DA:46,3
DA:59,1
LF:8
LH:8
BRDA:28,0,0,3
BRDA:28,0,1,0
BRDA:39,1,0,3
BRDA:39,1,1,0
BRDA:51,2,0,3
BRDA:51,2,1,0
BRF:6
BRH:3
end_of_record
TN:
SF:src/___new___/components/FeatureTableComparison/index.tsx
FN:37,(anonymous_4)
FN:50,(anonymous_5)
FN:74,(anonymous_6)
FNF:3
FNH:3
FNDA:2,(anonymous_4)
FNDA:11,(anonymous_5)
FNDA:48,(anonymous_6)
DA:2,1
DA:15,1
DA:17,1
DA:18,1
DA:20,1
DA:35,1
DA:37,2
DA:50,11
DA:74,48
DA:91,1
LF:10
LH:10
BRDA:77,0,0,20
BRDA:77,0,1,28
BRDA:78,1,0,43
BRDA:78,1,1,5
BRDA:79,2,0,45
BRDA:79,2,1,3
BRF:6
BRH:6
end_of_record
TN:
SF:src/___new___/components/FeatureTableComparison/styles.ts
FN:3,(anonymous_0)
FN:12,(anonymous_1)
FNF:2
FNH:2
FNDA:1,(anonymous_0)
FNDA:33,(anonymous_1)
DA:1,1
DA:3,1
DA:12,33
DA:17,1
DA:25,1
DA:28,1
DA:34,1
DA:40,1
DA:48,1
DA:59,1
DA:65,1
DA:69,1
LF:12
LH:12
BRDA:7,0,0,1
BRDA:7,0,1,0
BRDA:13,1,0,33
BRDA:13,1,1,0
BRF:4
BRH:2
end_of_record
TN:
SF:src/___new___/components/HomepageHeader/index.tsx
FN:20,(anonymous_3)
FNF:1
FNH:1
FNDA:1,(anonymous_3)
DA:2,1
DA:4,1
DA:12,1
DA:20,1
DA:21,1
DA:45,1
LF:6
LH:6
BRF:0
BRH:0
end_of_record
TN:
SF:src/___new___/components/HomepageHeader/styles.ts
FNF:0
FNH:0
DA:1,1
DA:9,1
DA:15,1
DA:22,1
DA:32,1
DA:65,1
DA:74,1
DA:82,1
DA:92,1
DA:97,1
DA:105,1
DA:114,1
LF:12
LH:12
BRF:0
BRH:0
end_of_record
TN:
SF:src/___new___/components/LearnMoreButton/index.tsx
FN:12,(anonymous_4)
FNF:1
FNH:1
FNDA:3,(anonymous_4)
DA:2,1
DA:3,1
DA:12,3
DA:13,3
DA:30,1
LF:5
LH:5
BRDA:12,0,0,0
BRDA:12,0,1,3
BRF:2
BRH:1
end_of_record
TN:
SF:src/___new___/components/LearnMoreButton/styles.ts
FN:1,(anonymous_0)
FNF:1
FNH:1
FNDA:3,(anonymous_0)
DA:1,3
LF:1
LH:1
BRDA:8,0,0,3
BRDA:8,0,1,0
BRDA:11,1,0,3
BRDA:11,1,1,0
BRF:4
BRH:2
end_of_record
TN:
SF:src/___new___/components/ProductComparison/index.tsx
FN:32,(anonymous_4)
FN:51,(anonymous_5)
FN:64,(anonymous_6)
FN:76,(anonymous_7)
FN:85,(anonymous_8)
FNF:5
FNH:5
FNDA:1,(anonymous_4)
FNDA:3,(anonymous_5)
FNDA:3,(anonymous_6)
FNDA:11,(anonymous_7)
FNDA:1,(anonymous_8)
DA:2,1
DA:15,1
DA:16,1
DA:18,1
DA:32,1
DA:51,3
DA:64,3
DA:76,11
DA:85,1
DA:103,1
LF:10
LH:10
BRDA:84,0,0,0
BRDA:84,0,1,3
BRDA:84,1,0,3
BRDA:84,1,1,3
BRDA:85,2,0,2
BRDA:85,2,1,1
BRDA:85,3,0,3
BRDA:85,3,1,3
BRDA:90,4,0,0
BRDA:90,4,1,1
BRF:10
BRH:8
end_of_record
TN:
SF:src/___new___/components/ProductComparison/styles.ts
FN:3,(anonymous_0)
FN:54,(anonymous_1)
FNF:2
FNH:2
FNDA:1,(anonymous_0)
FNDA:1,(anonymous_1)
DA:1,1
DA:3,1
DA:11,1
DA:18,1
DA:24,1
DA:32,1
DA:43,1
DA:49,1
DA:54,1
DA:60,1
LF:10
LH:10
BRDA:7,0,0,1
BRDA:7,0,1,0
BRDA:56,1,0,1
BRDA:56,1,1,0
BRDA:57,2,0,1
BRDA:57,2,1,0
BRF:6
BRH:3
end_of_record
TN:
SF:src/___new___/components/ProductInfo/index.tsx
FN:20,(anonymous_4)
FN:33,(anonymous_5)
FN:57,(anonymous_6)
FNF:3
FNH:3
FNDA:1,(anonymous_4)
FNDA:3,(anonymous_5)
FNDA:6,(anonymous_6)
DA:2,1
DA:3,1
DA:4,1
DA:12,1
DA:13,1
DA:20,1
DA:21,1
DA:34,3
DA:36,3
DA:57,6
DA:83,1
LF:11
LH:11
BRF:0
BRH:0
end_of_record
TN:
SF:src/___new___/components/ProductInfo/styles.ts
FN:1,(anonymous_0)
FN:9,(anonymous_1)
FN:20,(anonymous_2)
FN:30,(anonymous_3)
FN:36,(anonymous_4)
FNF:5
FNH:5
FNDA:1,(anonymous_0)
FNDA:3,(anonymous_1)
FNDA:3,(anonymous_2)
FNDA:3,(anonymous_3)
FNDA:3,(anonymous_4)
DA:1,1
DA:9,3
DA:15,1
DA:20,3
DA:30,3
DA:36,3
DA:42,1
LF:7
LH:7
BRDA:2,0,0,1
BRDA:2,0,1,0
BRDA:11,1,0,3
BRDA:11,1,1,0
BRDA:25,2,0,1
BRDA:25,2,1,2
BRDA:33,3,0,1
BRDA:33,3,1,2
BRDA:39,4,0,1
BRDA:39,4,1,2
BRF:10
BRH:8
end_of_record
TN:
SF:src/___new___/components/SelectDocs/index.tsx
FN:21,(anonymous_4)
FN:37,(anonymous_5)
FNF:2
FNH:2
FNDA:1,(anonymous_4)
FNDA:3,(anonymous_5)
DA:2,1
DA:3,1
DA:4,1
DA:6,1
DA:21,1
DA:37,3
DA:59,1
LF:7
LH:7
BRF:0
BRH:0
end_of_record
TN:
SF:src/___new___/components/SelectDocs/styles.ts
FN:3,(anonymous_0)
FNF:1
FNH:1
FNDA:1,(anonymous_0)
DA:1,1
DA:3,1
DA:11,1
DA:19,1
DA:25,1
DA:33,1
DA:44,1
DA:50,1
DA:55,1
DA:68,1
LF:10
LH:10
BRDA:7,0,0,1
BRDA:7,0,1,0
BRF:2
BRH:1
end_of_record
TN:
SF:src/___new___/components/styles/index.ts
FN:5,(anonymous_0)
FN:13,(anonymous_1)
FN:21,(anonymous_2)
FN:35,(anonymous_3)
FNF:4
FNH:4
FNDA:1,(anonymous_0)
FNDA:19,(anonymous_1)
FNDA:6,(anonymous_2)
FNDA:11,(anonymous_3)
DA:5,6
DA:13,19
DA:21,6
DA:29,6
DA:35,11
LF:5
LH:5
BRDA:7,0,0,1
BRDA:7,0,1,0
BRDA:18,1,0,19
BRDA:18,1,1,0
BRDA:26,2,0,6
BRDA:26,2,1,0
BRDA:37,3,0,11
BRDA:37,3,1,0
BRDA:38,4,0,11
BRDA:38,4,1,0
BRF:10
BRH:5
end_of_record
TN:
SF:src/___new___/data/compareInfo.ts
FNF:0
FNH:0
DA:3,2
LF:1
LH:1
BRF:0
BRH:0
end_of_record
TN:
SF:src/___new___/data/exploreInfo.ts
FNF:0
FNH:0
DA:7,1
LF:1
LH:1
BRF:0
BRH:0
end_of_record
TN:
SF:src/___new___/data/featureTableComparisonInfo.ts
FNF:0
FNH:0
DA:3,1
LF:1
LH:1
BRF:0
BRH:0
end_of_record
TN:
SF:src/___new___/data/selectDocsInfo.ts
FNF:0
FNH:0
DA:3,1
LF:1
LH:1
BRF:0
BRH:0
end_of_record
