TN:
SF:src/___new___/components/Explore/index.tsx
FN:20,(anonymous_4)
FN:36,(anonymous_5)
FN:49,(anonymous_6)
FNF:3
FNH:3
FNDA:1,(anonymous_4)
FNDA:3,(anonymous_5)
FNDA:3,(anonymous_6)
DA:2,1
DA:3,1
DA:4,1
DA:6,1
DA:20,1
DA:36,3
DA:49,3
DA:64,1
LF:8
LH:8
BRF:0
BRH:0
end_of_record
TN:
SF:src/___new___/components/Explore/styles.ts
FNF:0
FNH:0
DA:1,1
DA:3,1
DA:11,1
DA:19,1
DA:25,1
DA:33,1
DA:44,1
DA:50,1
DA:55,1
DA:68,1
LF:10
LH:10
BRF:0
BRH:0
end_of_record
TN:
SF:src/___new___/components/FeatureTableComparison/index.tsx
FN:28,(anonymous_4)
FN:41,(anonymous_5)
FN:63,(anonymous_6)
FNF:3
FNH:3
FNDA:2,(anonymous_4)
FNDA:22,(anonymous_5)
FNDA:96,(anonymous_6)
DA:2,1
DA:15,1
DA:17,1
DA:18,1
DA:20,1
DA:26,1
DA:28,2
DA:41,22
DA:63,96
DA:80,1
LF:10
LH:10
BRDA:66,0,0,42
BRDA:66,0,1,54
BRDA:67,1,0,86
BRDA:67,1,1,10
BRDA:68,2,0,92
BRDA:68,2,1,4
BRF:6
BRH:6
end_of_record
TN:
SF:src/___new___/components/FeatureTableComparison/styles.ts
FN:3,(anonymous_0)
FNF:1
FNH:1
FNDA:2,(anonymous_0)
DA:1,1
DA:3,2
DA:11,1
DA:20,1
DA:23,1
DA:29,1
DA:35,1
DA:43,1
DA:54,1
DA:60,1
DA:65,1
DA:78,1
LF:12
LH:12
BRDA:7,0,0,2
BRDA:7,0,1,0
BRF:2
BRH:1
end_of_record
TN:
SF:src/___new___/components/HomepageHeader/index.tsx
FN:19,(anonymous_3)
FNF:1
FNH:1
FNDA:1,(anonymous_3)
DA:2,1
DA:4,1
DA:12,1
DA:19,1
DA:20,1
DA:44,1
LF:6
LH:6
BRF:0
BRH:0
end_of_record
TN:
SF:src/___new___/components/HomepageHeader/styles.ts
FNF:0
FNH:0
DA:1,1
DA:9,1
DA:15,1
DA:22,1
DA:32,1
DA:65,1
DA:74,1
DA:82,1
DA:92,1
DA:97,1
DA:105,1
DA:114,1
LF:12
LH:12
BRF:0
BRH:0
end_of_record
TN:
SF:src/___new___/components/LearnMoreButton/index.tsx
FN:12,(anonymous_4)
FNF:1
FNH:1
FNDA:3,(anonymous_4)
DA:2,1
DA:3,1
DA:12,3
DA:13,3
DA:30,1
LF:5
LH:5
BRDA:12,0,0,0
BRDA:12,0,1,3
BRF:2
BRH:1
end_of_record
TN:
SF:src/___new___/components/LearnMoreButton/styles.ts
FN:1,(anonymous_0)
FNF:1
FNH:1
FNDA:3,(anonymous_0)
DA:1,3
LF:1
LH:1
BRDA:8,0,0,0
BRDA:8,0,1,3
BRDA:11,1,0,0
BRDA:11,1,1,3
BRF:4
BRH:2
end_of_record
TN:
SF:src/___new___/components/ProductComparison/index.tsx
FN:26,(anonymous_4)
FN:49,(anonymous_5)
FN:62,(anonymous_6)
FN:74,(anonymous_7)
FN:83,(anonymous_8)
FNF:5
FNH:5
FNDA:1,(anonymous_4)
FNDA:3,(anonymous_5)
FNDA:3,(anonymous_6)
FNDA:11,(anonymous_7)
FNDA:1,(anonymous_8)
DA:2,1
DA:17,1
DA:18,1
DA:20,1
DA:26,1
DA:49,3
DA:62,3
DA:74,11
DA:83,1
DA:118,1
LF:10
LH:10
BRDA:82,0,0,0
BRDA:82,0,1,3
BRDA:82,1,0,3
BRDA:82,1,1,3
BRDA:83,2,0,2
BRDA:83,2,1,1
BRDA:83,3,0,3
BRDA:83,3,1,3
BRF:8
BRH:7
end_of_record
TN:
SF:src/___new___/components/ProductComparison/styles.ts
FN:3,(anonymous_0)
FNF:1
FNH:1
FNDA:1,(anonymous_0)
DA:1,1
DA:3,1
DA:11,1
DA:20,1
DA:26,1
DA:34,1
DA:45,1
DA:51,1
DA:56,1
DA:69,1
LF:10
LH:10
BRDA:7,0,0,0
BRDA:7,0,1,1
BRF:2
BRH:1
end_of_record
TN:
SF:src/___new___/components/ProductInfo/index.tsx
FN:19,(anonymous_4)
FN:32,(anonymous_5)
FN:56,(anonymous_6)
FNF:3
FNH:3
FNDA:1,(anonymous_4)
FNDA:3,(anonymous_5)
FNDA:3,(anonymous_6)
DA:2,1
DA:3,1
DA:4,1
DA:12,1
DA:13,1
DA:19,1
DA:20,1
DA:33,3
DA:35,3
DA:56,3
DA:82,1
LF:11
LH:11
BRF:0
BRH:0
end_of_record
TN:
SF:src/___new___/components/ProductInfo/styles.ts
FN:8,(anonymous_0)
FN:19,(anonymous_1)
FN:29,(anonymous_2)
FN:35,(anonymous_3)
FNF:4
FNH:4
FNDA:3,(anonymous_0)
FNDA:3,(anonymous_1)
FNDA:3,(anonymous_2)
FNDA:3,(anonymous_3)
DA:1,1
DA:8,3
DA:14,1
DA:19,3
DA:29,3
DA:35,3
DA:41,1
LF:7
LH:7
BRDA:10,0,0,0
BRDA:10,0,1,3
BRDA:24,1,0,1
BRDA:24,1,1,2
BRDA:32,2,0,1
BRDA:32,2,1,2
BRDA:38,3,0,1
BRDA:38,3,1,2
BRF:8
BRH:7
end_of_record
TN:
SF:src/___new___/components/SelectDocs/index.tsx
FN:20,(anonymous_4)
FN:36,(anonymous_5)
FNF:2
FNH:2
FNDA:1,(anonymous_4)
FNDA:3,(anonymous_5)
DA:2,1
DA:3,1
DA:4,1
DA:6,1
DA:20,1
DA:36,3
DA:58,1
LF:7
LH:7
BRF:0
BRH:0
end_of_record
TN:
SF:src/___new___/components/SelectDocs/styles.ts
FN:3,(anonymous_0)
FNF:1
FNH:1
FNDA:1,(anonymous_0)
DA:1,1
DA:3,1
DA:11,1
DA:19,1
DA:25,1
DA:33,1
DA:44,1
DA:50,1
DA:55,1
DA:68,1
LF:10
LH:10
BRDA:7,0,0,0
BRDA:7,0,1,1
BRF:2
BRH:1
end_of_record
TN:
SF:src/___new___/components/styles/index.ts
FN:5,(anonymous_0)
FN:13,(anonymous_1)
FN:21,(anonymous_2)
FNF:3
FNH:3
FNDA:1,(anonymous_0)
FNDA:31,(anonymous_1)
FNDA:3,(anonymous_2)
DA:5,6
DA:13,31
DA:21,6
DA:29,6
LF:4
LH:4
BRDA:7,0,0,1
BRDA:7,0,1,0
BRDA:18,1,0,25
BRDA:18,1,1,6
BRDA:26,2,0,0
BRDA:26,2,1,3
BRF:6
BRH:4
end_of_record
TN:
SF:src/___new___/data/compareInfo.ts
FNF:0
FNH:0
DA:3,2
LF:1
LH:1
BRF:0
BRH:0
end_of_record
TN:
SF:src/___new___/data/exploreInfo.ts
FNF:0
FNH:0
DA:7,1
LF:1
LH:1
BRF:0
BRH:0
end_of_record
TN:
SF:src/___new___/data/featureTableComparisonInfo.ts
FNF:0
FNH:0
DA:3,1
LF:1
LH:1
BRF:0
BRH:0
end_of_record
TN:
SF:src/___new___/data/selectDocsInfo.ts
FNF:0
FNH:0
DA:3,1
LF:1
LH:1
BRF:0
BRH:0
end_of_record
